#
# There is insufficient memory for the Java Runtime Environment to continue.
# Native memory allocation (mmap) failed to map 65536 bytes for Failed to commit metaspace.
# Possible reasons:
#   The system is out of physical RAM or swap space
#   The process is running with CompressedOops enabled, and the Java Heap may be blocking the growth of the native heap
# Possible solutions:
#   Reduce memory load on the system
#   Increase physical memory or swap space
#   Check if swap backing store is full
#   Decrease Java heap size (-Xmx/-Xms)
#   Decrease number of Java threads
#   Decrease Java thread stack sizes (-Xss)
#   Set larger code cache with -XX:ReservedCodeCacheSize=
#   JVM is running with Zero Based Compressed Oops mode in which the Java heap is
#     placed in the first 32GB address space. The Java Heap base address is the
#     maximum limit for the native heap growth. Please use -XX:HeapBaseMinAddress
#     to set the Java Heap base and to place the Java Heap above 32GB virtual address.
# This output file may be truncated or incomplete.
#
#  Out of Memory Error (virtualSpaceNode.cpp:112), pid=2584, tid=16312
#
# JRE version: Java(TM) SE Runtime Environment (21.0.2+13) (build 21.0.2+13-LTS-58)
# Java VM: Java HotSpot(TM) 64-Bit Server VM (21.0.2+13-LTS-58, mixed mode, sharing, tiered, compressed oops, compressed class ptrs, g1 gc, windows-amd64)
# No core dump will be written. Minidumps are not enabled by default on client versions of Windows
#

---------------  S U M M A R Y ------------

Command Line: -javaagent:D:\SOFTWARECORE\IntelliJ IDEA Community Edition 2023.3.4\lib\idea_rt.jar=63355:D:\SOFTWARECORE\IntelliJ IDEA Community Edition 2023.3.4\bin -Dfile.encoding=UTF-8 -Dsun.stdout.encoding=UTF-8 -Dsun.stderr.encoding=UTF-8 Menu

Host: 11th Gen Intel(R) Core(TM) i7-11370H @ 3.30GHz, 8 cores, 15G,  Windows 11 , 64 bit Build 22621 (10.0.22621.3139)
Time: Wed Mar 13 19:31:43 2024 SE Asia Standard Time elapsed time: 0.581767 seconds (0d 0h 0m 0s)

---------------  T H R E A D  ---------------

Current thread (0x0000029e4eff4f80):  JavaThread "main"             [_thread_in_vm, id=16312, stack(0x000000c636300000,0x000000c636400000) (1024K)]

Stack: [0x000000c636300000,0x000000c636400000]
Native frames: (J=compiled Java code, j=interpreted, Vv=VM code, C=native code)
V  [jvm.dll+0x6cade9]
V  [jvm.dll+0x8569c1]
V  [jvm.dll+0x858d2e]
V  [jvm.dll+0x859413]
V  [jvm.dll+0x280e56]
V  [jvm.dll+0x8526ee]
V  [jvm.dll+0x66e705]
V  [jvm.dll+0x1e68cc]
V  [jvm.dll+0x1e669e]
V  [jvm.dll+0x67104c]
V  [jvm.dll+0x670e62]
V  [jvm.dll+0x66f0de]
V  [jvm.dll+0x26b47f]
V  [jvm.dll+0x679305]
V  [jvm.dll+0x217b73]
V  [jvm.dll+0x2180b5]
V  [jvm.dll+0x218ad1]
V  [jvm.dll+0x20dd9e]
V  [jvm.dll+0x5ad3dc]
V  [jvm.dll+0x7cf5e6]
V  [jvm.dll+0x470270]
V  [jvm.dll+0x475ef8]
C  [java.dll+0x17ec]

Java frames: (J=compiled Java code, j=interpreted, Vv=VM code)
j  java.lang.ClassLoader.defineClass1(Ljava/lang/ClassLoader;Ljava/lang/String;[BIILjava/security/ProtectionDomain;Ljava/lang/String;)Ljava/lang/Class;+0 java.base@21.0.2
j  java.lang.ClassLoader.defineClass(Ljava/lang/String;[BIILjava/security/ProtectionDomain;)Ljava/lang/Class;+27 java.base@21.0.2
j  java.security.SecureClassLoader.defineClass(Ljava/lang/String;[BIILjava/security/CodeSource;)Ljava/lang/Class;+12 java.base@21.0.2
j  jdk.internal.loader.BuiltinClassLoader.defineClass(Ljava/lang/String;Ljdk/internal/loader/Resource;)Ljava/lang/Class;+117 java.base@21.0.2
j  jdk.internal.loader.BuiltinClassLoader.findClassOnClassPathOrNull(Ljava/lang/String;)Ljava/lang/Class;+37 java.base@21.0.2
j  jdk.internal.loader.BuiltinClassLoader.loadClassOrNull(Ljava/lang/String;Z)Ljava/lang/Class;+111 java.base@21.0.2
j  jdk.internal.loader.BuiltinClassLoader.loadClass(Ljava/lang/String;Z)Ljava/lang/Class;+3 java.base@21.0.2
j  jdk.internal.loader.ClassLoaders$AppClassLoader.loadClass(Ljava/lang/String;Z)Ljava/lang/Class;+36 java.base@21.0.2
j  java.lang.ClassLoader.loadClass(Ljava/lang/String;)Ljava/lang/Class;+3 java.base@21.0.2
v  ~StubRoutines::call_stub 0x0000029e603610e7
j  Menu.<init>()V+162
j  Menu.main([Ljava/lang/String;)V+4
v  ~StubRoutines::call_stub 0x0000029e603610e7

---------------  P R O C E S S  ---------------

Threads class SMR info:
_java_thread_list=0x0000029e707650f0, length=16, elements={
0x0000029e4eff4f80, 0x0000029e702221b0, 0x0000029e70223280, 0x0000029e70225c80,
0x0000029e702288a0, 0x0000029e7022a310, 0x0000029e70233670, 0x0000029e702356f0,
0x0000029e70239d00, 0x0000029e7045f520, 0x0000029e70537180, 0x0000029e70538010,
0x0000029e706e9310, 0x0000029e706f0530, 0x0000029e706f4930, 0x0000029e7076ced0
}

Java Threads: ( => current thread )
=>0x0000029e4eff4f80 JavaThread "main"                              [_thread_in_vm, id=16312, stack(0x000000c636300000,0x000000c636400000) (1024K)]
  0x0000029e702221b0 JavaThread "Reference Handler"          daemon [_thread_blocked, id=20584, stack(0x000000c636b00000,0x000000c636c00000) (1024K)]
  0x0000029e70223280 JavaThread "Finalizer"                  daemon [_thread_blocked, id=19920, stack(0x000000c636c00000,0x000000c636d00000) (1024K)]
  0x0000029e70225c80 JavaThread "Signal Dispatcher"          daemon [_thread_blocked, id=20676, stack(0x000000c636d00000,0x000000c636e00000) (1024K)]
  0x0000029e702288a0 JavaThread "Attach Listener"            daemon [_thread_blocked, id=17668, stack(0x000000c636e00000,0x000000c636f00000) (1024K)]
  0x0000029e7022a310 JavaThread "Service Thread"             daemon [_thread_blocked, id=10284, stack(0x000000c636f00000,0x000000c637000000) (1024K)]
  0x0000029e70233670 JavaThread "Monitor Deflation Thread"   daemon [_thread_blocked, id=6216, stack(0x000000c637000000,0x000000c637100000) (1024K)]
  0x0000029e702356f0 JavaThread "C2 CompilerThread0"         daemon [_thread_blocked, id=18516, stack(0x000000c637100000,0x000000c637200000) (1024K)]
  0x0000029e70239d00 JavaThread "C1 CompilerThread0"         daemon [_thread_blocked, id=20760, stack(0x000000c637200000,0x000000c637300000) (1024K)]
  0x0000029e7045f520 JavaThread "Common-Cleaner"             daemon [_thread_blocked, id=20980, stack(0x000000c637300000,0x000000c637400000) (1024K)]
  0x0000029e70537180 JavaThread "Monitor Ctrl-Break"         daemon [_thread_in_native, id=20284, stack(0x000000c637400000,0x000000c637500000) (1024K)]
  0x0000029e70538010 JavaThread "Notification Thread"        daemon [_thread_blocked, id=10448, stack(0x000000c637500000,0x000000c637600000) (1024K)]
  0x0000029e706e9310 JavaThread "Java2D Disposer"            daemon [_thread_blocked, id=15720, stack(0x000000c637600000,0x000000c637700000) (1024K)]
  0x0000029e706f0530 JavaThread "AWT-Shutdown"                      [_thread_blocked, id=9756, stack(0x000000c637700000,0x000000c637800000) (1024K)]
  0x0000029e706f4930 JavaThread "AWT-Windows"                daemon [_thread_in_native, id=14220, stack(0x000000c637800000,0x000000c637900000) (1024K)]
  0x0000029e7076ced0 JavaThread "AWT-EventQueue-0"                  [_thread_blocked, id=12804, stack(0x000000c637900000,0x000000c637a00000) (1024K)]
Total: 16

Other Threads:
  0x0000029e70203590 VMThread "VM Thread"                           [id=18776, stack(0x000000c636a00000,0x000000c636b00000) (1024K)]
  0x0000029e701eada0 WatcherThread "VM Periodic Task Thread"        [id=7212, stack(0x000000c636900000,0x000000c636a00000) (1024K)]
  0x0000029e4f25efa0 WorkerThread "GC Thread#0"                     [id=4492, stack(0x000000c636400000,0x000000c636500000) (1024K)]
  0x0000029e4f26fa50 ConcurrentGCThread "G1 Main Marker"            [id=2896, stack(0x000000c636500000,0x000000c636600000) (1024K)]
  0x0000029e4f271620 WorkerThread "G1 Conc#0"                       [id=20012, stack(0x000000c636600000,0x000000c636700000) (1024K)]
  0x0000029e700bd260 ConcurrentGCThread "G1 Refine#0"               [id=10044, stack(0x000000c636700000,0x000000c636800000) (1024K)]
  0x0000029e700bdce0 ConcurrentGCThread "G1 Service"                [id=10756, stack(0x000000c636800000,0x000000c636900000) (1024K)]
Total: 7

Threads with active compile tasks:
Total: 0

VM state: not at safepoint (normal execution)

VM Mutex/Monitor currently owned by a thread:  ([mutex/lock_event])
[0x00007ff962eeace8] Metaspace_lock - owner thread: 0x0000029e4eff4f80

Heap address: 0x0000000704c00000, size: 4020 MB, Compressed Oops mode: Zero based, Oop shift amount: 3

CDS archive(s) mapped at: [0x0000029e00000000-0x0000029e00c90000-0x0000029e00c90000), size 13172736, SharedBaseAddress: 0x0000029e00000000, ArchiveRelocationMode: 1.
Compressed class space mapped at: 0x0000029e01000000-0x0000029e41000000, reserved size: 1073741824
Narrow klass base: 0x0000029e00000000, Narrow klass shift: 0, Narrow klass range: 0x100000000

GC Precious Log:
 CardTable entry size: 512
 Card Set container configuration: InlinePtr #cards 4 size 8 Array Of Cards #cards 16 size 48 Howl #buckets 8 coarsen threshold 3686 Howl Bitmap #cards 512 size 80 coarsen threshold 460 Card regions per heap region 1 cards per card region 4096
 CPUs: 8 total, 8 available
 Memory: 16075M
 Large Page Support: Disabled
 NUMA Support: Disabled
 Compressed Oops: Enabled (Zero based)
 Heap Region Size: 2M
 Heap Min Capacity: 8M
 Heap Initial Capacity: 252M
 Heap Max Capacity: 4020M
 Pre-touch: Disabled
 Parallel Workers: 8
 Concurrent Workers: 2
 Concurrent Refinement Workers: 8
 Periodic GC: Disabled

Heap:
 garbage-first heap   total 258048K, used 6144K [0x0000000704c00000, 0x0000000800000000)
  region size 2048K, 4 young (8192K), 0 survivors (0K)
 Metaspace       used 7458K, committed 7680K, reserved 1114112K
  class space    used 892K, committed 1024K, reserved 1048576K

Heap Regions: E=young(eden), S=young(survivor), O=old, HS=humongous(starts), HC=humongous(continues), CS=collection set, F=free, TAMS=top-at-mark-start, PB=parsable bottom
|   0|0x0000000704c00000, 0x0000000704c00000, 0x0000000704e00000|  0%| F|  |TAMS 0x0000000704c00000| PB 0x0000000704c00000| Untracked 
|   1|0x0000000704e00000, 0x0000000704e00000, 0x0000000705000000|  0%| F|  |TAMS 0x0000000704e00000| PB 0x0000000704e00000| Untracked 
|   2|0x0000000705000000, 0x0000000705000000, 0x0000000705200000|  0%| F|  |TAMS 0x0000000705000000| PB 0x0000000705000000| Untracked 
|   3|0x0000000705200000, 0x0000000705200000, 0x0000000705400000|  0%| F|  |TAMS 0x0000000705200000| PB 0x0000000705200000| Untracked 
|   4|0x0000000705400000, 0x0000000705400000, 0x0000000705600000|  0%| F|  |TAMS 0x0000000705400000| PB 0x0000000705400000| Untracked 
|   5|0x0000000705600000, 0x0000000705600000, 0x0000000705800000|  0%| F|  |TAMS 0x0000000705600000| PB 0x0000000705600000| Untracked 
|   6|0x0000000705800000, 0x0000000705800000, 0x0000000705a00000|  0%| F|  |TAMS 0x0000000705800000| PB 0x0000000705800000| Untracked 
|   7|0x0000000705a00000, 0x0000000705a00000, 0x0000000705c00000|  0%| F|  |TAMS 0x0000000705a00000| PB 0x0000000705a00000| Untracked 
|   8|0x0000000705c00000, 0x0000000705c00000, 0x0000000705e00000|  0%| F|  |TAMS 0x0000000705c00000| PB 0x0000000705c00000| Untracked 
|   9|0x0000000705e00000, 0x0000000705e00000, 0x0000000706000000|  0%| F|  |TAMS 0x0000000705e00000| PB 0x0000000705e00000| Untracked 
|  10|0x0000000706000000, 0x0000000706000000, 0x0000000706200000|  0%| F|  |TAMS 0x0000000706000000| PB 0x0000000706000000| Untracked 
|  11|0x0000000706200000, 0x0000000706200000, 0x0000000706400000|  0%| F|  |TAMS 0x0000000706200000| PB 0x0000000706200000| Untracked 
|  12|0x0000000706400000, 0x0000000706400000, 0x0000000706600000|  0%| F|  |TAMS 0x0000000706400000| PB 0x0000000706400000| Untracked 
|  13|0x0000000706600000, 0x0000000706600000, 0x0000000706800000|  0%| F|  |TAMS 0x0000000706600000| PB 0x0000000706600000| Untracked 
|  14|0x0000000706800000, 0x0000000706800000, 0x0000000706a00000|  0%| F|  |TAMS 0x0000000706800000| PB 0x0000000706800000| Untracked 
|  15|0x0000000706a00000, 0x0000000706a00000, 0x0000000706c00000|  0%| F|  |TAMS 0x0000000706a00000| PB 0x0000000706a00000| Untracked 
|  16|0x0000000706c00000, 0x0000000706c00000, 0x0000000706e00000|  0%| F|  |TAMS 0x0000000706c00000| PB 0x0000000706c00000| Untracked 
|  17|0x0000000706e00000, 0x0000000706e00000, 0x0000000707000000|  0%| F|  |TAMS 0x0000000706e00000| PB 0x0000000706e00000| Untracked 
|  18|0x0000000707000000, 0x0000000707000000, 0x0000000707200000|  0%| F|  |TAMS 0x0000000707000000| PB 0x0000000707000000| Untracked 
|  19|0x0000000707200000, 0x0000000707200000, 0x0000000707400000|  0%| F|  |TAMS 0x0000000707200000| PB 0x0000000707200000| Untracked 
|  20|0x0000000707400000, 0x0000000707400000, 0x0000000707600000|  0%| F|  |TAMS 0x0000000707400000| PB 0x0000000707400000| Untracked 
|  21|0x0000000707600000, 0x0000000707600000, 0x0000000707800000|  0%| F|  |TAMS 0x0000000707600000| PB 0x0000000707600000| Untracked 
|  22|0x0000000707800000, 0x0000000707800000, 0x0000000707a00000|  0%| F|  |TAMS 0x0000000707800000| PB 0x0000000707800000| Untracked 
|  23|0x0000000707a00000, 0x0000000707a00000, 0x0000000707c00000|  0%| F|  |TAMS 0x0000000707a00000| PB 0x0000000707a00000| Untracked 
|  24|0x0000000707c00000, 0x0000000707c00000, 0x0000000707e00000|  0%| F|  |TAMS 0x0000000707c00000| PB 0x0000000707c00000| Untracked 
|  25|0x0000000707e00000, 0x0000000707e00000, 0x0000000708000000|  0%| F|  |TAMS 0x0000000707e00000| PB 0x0000000707e00000| Untracked 
|  26|0x0000000708000000, 0x0000000708000000, 0x0000000708200000|  0%| F|  |TAMS 0x0000000708000000| PB 0x0000000708000000| Untracked 
|  27|0x0000000708200000, 0x0000000708200000, 0x0000000708400000|  0%| F|  |TAMS 0x0000000708200000| PB 0x0000000708200000| Untracked 
|  28|0x0000000708400000, 0x0000000708400000, 0x0000000708600000|  0%| F|  |TAMS 0x0000000708400000| PB 0x0000000708400000| Untracked 
|  29|0x0000000708600000, 0x0000000708600000, 0x0000000708800000|  0%| F|  |TAMS 0x0000000708600000| PB 0x0000000708600000| Untracked 
|  30|0x0000000708800000, 0x0000000708800000, 0x0000000708a00000|  0%| F|  |TAMS 0x0000000708800000| PB 0x0000000708800000| Untracked 
|  31|0x0000000708a00000, 0x0000000708a00000, 0x0000000708c00000|  0%| F|  |TAMS 0x0000000708a00000| PB 0x0000000708a00000| Untracked 
|  32|0x0000000708c00000, 0x0000000708c00000, 0x0000000708e00000|  0%| F|  |TAMS 0x0000000708c00000| PB 0x0000000708c00000| Untracked 
|  33|0x0000000708e00000, 0x0000000708e00000, 0x0000000709000000|  0%| F|  |TAMS 0x0000000708e00000| PB 0x0000000708e00000| Untracked 
|  34|0x0000000709000000, 0x0000000709000000, 0x0000000709200000|  0%| F|  |TAMS 0x0000000709000000| PB 0x0000000709000000| Untracked 
|  35|0x0000000709200000, 0x0000000709200000, 0x0000000709400000|  0%| F|  |TAMS 0x0000000709200000| PB 0x0000000709200000| Untracked 
|  36|0x0000000709400000, 0x0000000709400000, 0x0000000709600000|  0%| F|  |TAMS 0x0000000709400000| PB 0x0000000709400000| Untracked 
|  37|0x0000000709600000, 0x0000000709600000, 0x0000000709800000|  0%| F|  |TAMS 0x0000000709600000| PB 0x0000000709600000| Untracked 
|  38|0x0000000709800000, 0x0000000709800000, 0x0000000709a00000|  0%| F|  |TAMS 0x0000000709800000| PB 0x0000000709800000| Untracked 
|  39|0x0000000709a00000, 0x0000000709a00000, 0x0000000709c00000|  0%| F|  |TAMS 0x0000000709a00000| PB 0x0000000709a00000| Untracked 
|  40|0x0000000709c00000, 0x0000000709c00000, 0x0000000709e00000|  0%| F|  |TAMS 0x0000000709c00000| PB 0x0000000709c00000| Untracked 
|  41|0x0000000709e00000, 0x0000000709e00000, 0x000000070a000000|  0%| F|  |TAMS 0x0000000709e00000| PB 0x0000000709e00000| Untracked 
|  42|0x000000070a000000, 0x000000070a000000, 0x000000070a200000|  0%| F|  |TAMS 0x000000070a000000| PB 0x000000070a000000| Untracked 
|  43|0x000000070a200000, 0x000000070a200000, 0x000000070a400000|  0%| F|  |TAMS 0x000000070a200000| PB 0x000000070a200000| Untracked 
|  44|0x000000070a400000, 0x000000070a400000, 0x000000070a600000|  0%| F|  |TAMS 0x000000070a400000| PB 0x000000070a400000| Untracked 
|  45|0x000000070a600000, 0x000000070a600000, 0x000000070a800000|  0%| F|  |TAMS 0x000000070a600000| PB 0x000000070a600000| Untracked 
|  46|0x000000070a800000, 0x000000070a800000, 0x000000070aa00000|  0%| F|  |TAMS 0x000000070a800000| PB 0x000000070a800000| Untracked 
|  47|0x000000070aa00000, 0x000000070aa00000, 0x000000070ac00000|  0%| F|  |TAMS 0x000000070aa00000| PB 0x000000070aa00000| Untracked 
|  48|0x000000070ac00000, 0x000000070ac00000, 0x000000070ae00000|  0%| F|  |TAMS 0x000000070ac00000| PB 0x000000070ac00000| Untracked 
|  49|0x000000070ae00000, 0x000000070ae00000, 0x000000070b000000|  0%| F|  |TAMS 0x000000070ae00000| PB 0x000000070ae00000| Untracked 
|  50|0x000000070b000000, 0x000000070b000000, 0x000000070b200000|  0%| F|  |TAMS 0x000000070b000000| PB 0x000000070b000000| Untracked 
|  51|0x000000070b200000, 0x000000070b200000, 0x000000070b400000|  0%| F|  |TAMS 0x000000070b200000| PB 0x000000070b200000| Untracked 
|  52|0x000000070b400000, 0x000000070b400000, 0x000000070b600000|  0%| F|  |TAMS 0x000000070b400000| PB 0x000000070b400000| Untracked 
|  53|0x000000070b600000, 0x000000070b600000, 0x000000070b800000|  0%| F|  |TAMS 0x000000070b600000| PB 0x000000070b600000| Untracked 
|  54|0x000000070b800000, 0x000000070b800000, 0x000000070ba00000|  0%| F|  |TAMS 0x000000070b800000| PB 0x000000070b800000| Untracked 
|  55|0x000000070ba00000, 0x000000070ba00000, 0x000000070bc00000|  0%| F|  |TAMS 0x000000070ba00000| PB 0x000000070ba00000| Untracked 
|  56|0x000000070bc00000, 0x000000070bc00000, 0x000000070be00000|  0%| F|  |TAMS 0x000000070bc00000| PB 0x000000070bc00000| Untracked 
|  57|0x000000070be00000, 0x000000070be00000, 0x000000070c000000|  0%| F|  |TAMS 0x000000070be00000| PB 0x000000070be00000| Untracked 
|  58|0x000000070c000000, 0x000000070c000000, 0x000000070c200000|  0%| F|  |TAMS 0x000000070c000000| PB 0x000000070c000000| Untracked 
|  59|0x000000070c200000, 0x000000070c200000, 0x000000070c400000|  0%| F|  |TAMS 0x000000070c200000| PB 0x000000070c200000| Untracked 
|  60|0x000000070c400000, 0x000000070c400000, 0x000000070c600000|  0%| F|  |TAMS 0x000000070c400000| PB 0x000000070c400000| Untracked 
|  61|0x000000070c600000, 0x000000070c600000, 0x000000070c800000|  0%| F|  |TAMS 0x000000070c600000| PB 0x000000070c600000| Untracked 
|  62|0x000000070c800000, 0x000000070c800000, 0x000000070ca00000|  0%| F|  |TAMS 0x000000070c800000| PB 0x000000070c800000| Untracked 
|  63|0x000000070ca00000, 0x000000070ca00000, 0x000000070cc00000|  0%| F|  |TAMS 0x000000070ca00000| PB 0x000000070ca00000| Untracked 
|  64|0x000000070cc00000, 0x000000070cc00000, 0x000000070ce00000|  0%| F|  |TAMS 0x000000070cc00000| PB 0x000000070cc00000| Untracked 
|  65|0x000000070ce00000, 0x000000070ce00000, 0x000000070d000000|  0%| F|  |TAMS 0x000000070ce00000| PB 0x000000070ce00000| Untracked 
|  66|0x000000070d000000, 0x000000070d000000, 0x000000070d200000|  0%| F|  |TAMS 0x000000070d000000| PB 0x000000070d000000| Untracked 
|  67|0x000000070d200000, 0x000000070d200000, 0x000000070d400000|  0%| F|  |TAMS 0x000000070d200000| PB 0x000000070d200000| Untracked 
|  68|0x000000070d400000, 0x000000070d400000, 0x000000070d600000|  0%| F|  |TAMS 0x000000070d400000| PB 0x000000070d400000| Untracked 
|  69|0x000000070d600000, 0x000000070d600000, 0x000000070d800000|  0%| F|  |TAMS 0x000000070d600000| PB 0x000000070d600000| Untracked 
|  70|0x000000070d800000, 0x000000070d800000, 0x000000070da00000|  0%| F|  |TAMS 0x000000070d800000| PB 0x000000070d800000| Untracked 
|  71|0x000000070da00000, 0x000000070da00000, 0x000000070dc00000|  0%| F|  |TAMS 0x000000070da00000| PB 0x000000070da00000| Untracked 
|  72|0x000000070dc00000, 0x000000070dc00000, 0x000000070de00000|  0%| F|  |TAMS 0x000000070dc00000| PB 0x000000070dc00000| Untracked 
|  73|0x000000070de00000, 0x000000070de00000, 0x000000070e000000|  0%| F|  |TAMS 0x000000070de00000| PB 0x000000070de00000| Untracked 
|  74|0x000000070e000000, 0x000000070e000000, 0x000000070e200000|  0%| F|  |TAMS 0x000000070e000000| PB 0x000000070e000000| Untracked 
|  75|0x000000070e200000, 0x000000070e200000, 0x000000070e400000|  0%| F|  |TAMS 0x000000070e200000| PB 0x000000070e200000| Untracked 
|  76|0x000000070e400000, 0x000000070e400000, 0x000000070e600000|  0%| F|  |TAMS 0x000000070e400000| PB 0x000000070e400000| Untracked 
|  77|0x000000070e600000, 0x000000070e600000, 0x000000070e800000|  0%| F|  |TAMS 0x000000070e600000| PB 0x000000070e600000| Untracked 
|  78|0x000000070e800000, 0x000000070e800000, 0x000000070ea00000|  0%| F|  |TAMS 0x000000070e800000| PB 0x000000070e800000| Untracked 
|  79|0x000000070ea00000, 0x000000070ea00000, 0x000000070ec00000|  0%| F|  |TAMS 0x000000070ea00000| PB 0x000000070ea00000| Untracked 
|  80|0x000000070ec00000, 0x000000070ec00000, 0x000000070ee00000|  0%| F|  |TAMS 0x000000070ec00000| PB 0x000000070ec00000| Untracked 
|  81|0x000000070ee00000, 0x000000070ee00000, 0x000000070f000000|  0%| F|  |TAMS 0x000000070ee00000| PB 0x000000070ee00000| Untracked 
|  82|0x000000070f000000, 0x000000070f000000, 0x000000070f200000|  0%| F|  |TAMS 0x000000070f000000| PB 0x000000070f000000| Untracked 
|  83|0x000000070f200000, 0x000000070f200000, 0x000000070f400000|  0%| F|  |TAMS 0x000000070f200000| PB 0x000000070f200000| Untracked 
|  84|0x000000070f400000, 0x000000070f400000, 0x000000070f600000|  0%| F|  |TAMS 0x000000070f400000| PB 0x000000070f400000| Untracked 
|  85|0x000000070f600000, 0x000000070f600000, 0x000000070f800000|  0%| F|  |TAMS 0x000000070f600000| PB 0x000000070f600000| Untracked 
|  86|0x000000070f800000, 0x000000070f800000, 0x000000070fa00000|  0%| F|  |TAMS 0x000000070f800000| PB 0x000000070f800000| Untracked 
|  87|0x000000070fa00000, 0x000000070fa00000, 0x000000070fc00000|  0%| F|  |TAMS 0x000000070fa00000| PB 0x000000070fa00000| Untracked 
|  88|0x000000070fc00000, 0x000000070fc00000, 0x000000070fe00000|  0%| F|  |TAMS 0x000000070fc00000| PB 0x000000070fc00000| Untracked 
|  89|0x000000070fe00000, 0x000000070fe00000, 0x0000000710000000|  0%| F|  |TAMS 0x000000070fe00000| PB 0x000000070fe00000| Untracked 
|  90|0x0000000710000000, 0x0000000710000000, 0x0000000710200000|  0%| F|  |TAMS 0x0000000710000000| PB 0x0000000710000000| Untracked 
|  91|0x0000000710200000, 0x0000000710200000, 0x0000000710400000|  0%| F|  |TAMS 0x0000000710200000| PB 0x0000000710200000| Untracked 
|  92|0x0000000710400000, 0x0000000710400000, 0x0000000710600000|  0%| F|  |TAMS 0x0000000710400000| PB 0x0000000710400000| Untracked 
|  93|0x0000000710600000, 0x0000000710600000, 0x0000000710800000|  0%| F|  |TAMS 0x0000000710600000| PB 0x0000000710600000| Untracked 
|  94|0x0000000710800000, 0x0000000710800000, 0x0000000710a00000|  0%| F|  |TAMS 0x0000000710800000| PB 0x0000000710800000| Untracked 
|  95|0x0000000710a00000, 0x0000000710a00000, 0x0000000710c00000|  0%| F|  |TAMS 0x0000000710a00000| PB 0x0000000710a00000| Untracked 
|  96|0x0000000710c00000, 0x0000000710c00000, 0x0000000710e00000|  0%| F|  |TAMS 0x0000000710c00000| PB 0x0000000710c00000| Untracked 
|  97|0x0000000710e00000, 0x0000000710e00000, 0x0000000711000000|  0%| F|  |TAMS 0x0000000710e00000| PB 0x0000000710e00000| Untracked 
|  98|0x0000000711000000, 0x0000000711000000, 0x0000000711200000|  0%| F|  |TAMS 0x0000000711000000| PB 0x0000000711000000| Untracked 
|  99|0x0000000711200000, 0x0000000711200000, 0x0000000711400000|  0%| F|  |TAMS 0x0000000711200000| PB 0x0000000711200000| Untracked 
| 100|0x0000000711400000, 0x0000000711400000, 0x0000000711600000|  0%| F|  |TAMS 0x0000000711400000| PB 0x0000000711400000| Untracked 
| 101|0x0000000711600000, 0x0000000711600000, 0x0000000711800000|  0%| F|  |TAMS 0x0000000711600000| PB 0x0000000711600000| Untracked 
| 102|0x0000000711800000, 0x0000000711800000, 0x0000000711a00000|  0%| F|  |TAMS 0x0000000711800000| PB 0x0000000711800000| Untracked 
| 103|0x0000000711a00000, 0x0000000711a00000, 0x0000000711c00000|  0%| F|  |TAMS 0x0000000711a00000| PB 0x0000000711a00000| Untracked 
| 104|0x0000000711c00000, 0x0000000711c00000, 0x0000000711e00000|  0%| F|  |TAMS 0x0000000711c00000| PB 0x0000000711c00000| Untracked 
| 105|0x0000000711e00000, 0x0000000711e00000, 0x0000000712000000|  0%| F|  |TAMS 0x0000000711e00000| PB 0x0000000711e00000| Untracked 
| 106|0x0000000712000000, 0x0000000712000000, 0x0000000712200000|  0%| F|  |TAMS 0x0000000712000000| PB 0x0000000712000000| Untracked 
| 107|0x0000000712200000, 0x0000000712200000, 0x0000000712400000|  0%| F|  |TAMS 0x0000000712200000| PB 0x0000000712200000| Untracked 
| 108|0x0000000712400000, 0x0000000712400000, 0x0000000712600000|  0%| F|  |TAMS 0x0000000712400000| PB 0x0000000712400000| Untracked 
| 109|0x0000000712600000, 0x0000000712600000, 0x0000000712800000|  0%| F|  |TAMS 0x0000000712600000| PB 0x0000000712600000| Untracked 
| 110|0x0000000712800000, 0x0000000712800000, 0x0000000712a00000|  0%| F|  |TAMS 0x0000000712800000| PB 0x0000000712800000| Untracked 
| 111|0x0000000712a00000, 0x0000000712a00000, 0x0000000712c00000|  0%| F|  |TAMS 0x0000000712a00000| PB 0x0000000712a00000| Untracked 
| 112|0x0000000712c00000, 0x0000000712c00000, 0x0000000712e00000|  0%| F|  |TAMS 0x0000000712c00000| PB 0x0000000712c00000| Untracked 
| 113|0x0000000712e00000, 0x0000000712e00000, 0x0000000713000000|  0%| F|  |TAMS 0x0000000712e00000| PB 0x0000000712e00000| Untracked 
| 114|0x0000000713000000, 0x0000000713000000, 0x0000000713200000|  0%| F|  |TAMS 0x0000000713000000| PB 0x0000000713000000| Untracked 
| 115|0x0000000713200000, 0x0000000713200000, 0x0000000713400000|  0%| F|  |TAMS 0x0000000713200000| PB 0x0000000713200000| Untracked 
| 116|0x0000000713400000, 0x0000000713400000, 0x0000000713600000|  0%| F|  |TAMS 0x0000000713400000| PB 0x0000000713400000| Untracked 
| 117|0x0000000713600000, 0x0000000713600000, 0x0000000713800000|  0%| F|  |TAMS 0x0000000713600000| PB 0x0000000713600000| Untracked 
| 118|0x0000000713800000, 0x0000000713800000, 0x0000000713a00000|  0%| F|  |TAMS 0x0000000713800000| PB 0x0000000713800000| Untracked 
| 119|0x0000000713a00000, 0x0000000713a00000, 0x0000000713c00000|  0%| F|  |TAMS 0x0000000713a00000| PB 0x0000000713a00000| Untracked 
| 120|0x0000000713c00000, 0x0000000713c00000, 0x0000000713e00000|  0%| F|  |TAMS 0x0000000713c00000| PB 0x0000000713c00000| Untracked 
| 121|0x0000000713e00000, 0x0000000713e00000, 0x0000000714000000|  0%| F|  |TAMS 0x0000000713e00000| PB 0x0000000713e00000| Untracked 
| 122|0x0000000714000000, 0x00000007141c31c8, 0x0000000714200000| 88%| E|  |TAMS 0x0000000714000000| PB 0x0000000714000000| Complete 
| 123|0x0000000714200000, 0x0000000714400000, 0x0000000714400000|100%| E|CS|TAMS 0x0000000714200000| PB 0x0000000714200000| Complete 
| 124|0x0000000714400000, 0x0000000714600000, 0x0000000714600000|100%| E|CS|TAMS 0x0000000714400000| PB 0x0000000714400000| Complete 
| 125|0x0000000714600000, 0x0000000714800000, 0x0000000714800000|100%| E|CS|TAMS 0x0000000714600000| PB 0x0000000714600000| Complete 

Card table byte_map: [0x0000029e69090000,0x0000029e69870000] _byte_map_base: 0x0000029e6586a000

Marking Bits: (CMBitMap*) 0x0000029e4f25f5b0
 Bits: [0x0000029e69870000, 0x0000029e6d740000)

Polling page: 0x0000029e4f2c0000

Metaspace:

Usage:
  Non-class:      6.41 MB used.
      Class:    892.29 KB used.
       Both:      7.28 MB used.

Virtual space:
  Non-class space:       64.00 MB reserved,       6.50 MB ( 10%) committed,  1 nodes.
      Class space:        1.00 GB reserved,       1.00 MB ( <1%) committed,  1 nodes.
             Both:        1.06 GB reserved,       7.50 MB ( <1%) committed. 

Chunk freelists:
   Non-Class:  8.98 MB
       Class:  15.06 MB
        Both:  24.04 MB

MaxMetaspaceSize: unlimited
CompressedClassSpaceSize: 1.00 GB
Initial GC threshold: 21.00 MB
Current GC threshold: 21.00 MB
CDS: on
 - commit_granule_bytes: 65536.
 - commit_granule_words: 8192.
 - virtual_space_node_default_size: 8388608.
 - enlarge_chunks_in_place: 1.
 - use_allocation_guard: 0.


Internal statistics:

num_allocs_failed_limit: 0.
num_arena_births: 130.
num_arena_deaths: 0.
num_vsnodes_births: 2.
num_vsnodes_deaths: 0.
num_space_committed: 120.
num_space_uncommitted: 0.
num_chunks_returned_to_freelist: 0.
num_chunks_taken_from_freelist: 171.
num_chunk_merges: 0.
num_chunk_splits: 103.
num_chunks_enlarged: 46.
num_inconsistent_stats: 0.

CodeHeap 'non-profiled nmethods': size=120000Kb used=191Kb max_used=191Kb free=119809Kb
 bounds [0x0000029e60900000, 0x0000029e60b70000, 0x0000029e67e30000]
CodeHeap 'profiled nmethods': size=120000Kb used=899Kb max_used=899Kb free=119100Kb
 bounds [0x0000029e58e30000, 0x0000029e590a0000, 0x0000029e60360000]
CodeHeap 'non-nmethods': size=5760Kb used=1600Kb max_used=1614Kb free=4159Kb
 bounds [0x0000029e60360000, 0x0000029e605d0000, 0x0000029e60900000]
 total_blobs=1157 nmethods=623 adapters=439
 compilation: enabled
              stopped_count=0, restarted_count=0
 full_count=0

Compilation events (20 events):
Event: 0.555 Thread 0x0000029e70239d00  614       3       java.util.ArrayList::add (25 bytes)
Event: 0.555 Thread 0x0000029e70239d00 nmethod 614 0x0000029e58f0c010 code [0x0000029e58f0c1e0, 0x0000029e58f0c610]
Event: 0.555 Thread 0x0000029e70239d00  615       3       java.util.ArrayList::add (23 bytes)
Event: 0.555 Thread 0x0000029e70239d00 nmethod 615 0x0000029e58f0c810 code [0x0000029e58f0c9e0, 0x0000029e58f0cd90]
Event: 0.555 Thread 0x0000029e70239d00  616       3       java.util.EventObject::<init> (24 bytes)
Event: 0.555 Thread 0x0000029e70239d00 nmethod 616 0x0000029e58f0cf10 code [0x0000029e58f0d0e0, 0x0000029e58f0d3b0]
Event: 0.556 Thread 0x0000029e70239d00  617       1       java.util.concurrent.locks.AbstractOwnableSynchronizer::setExclusiveOwnerThread (6 bytes)
Event: 0.556 Thread 0x0000029e70239d00 nmethod 617 0x0000029e6092f910 code [0x0000029e6092faa0, 0x0000029e6092fbb8]
Event: 0.556 Thread 0x0000029e70239d00  618       3       java.awt.Component::isValid (20 bytes)
Event: 0.556 Thread 0x0000029e70239d00 nmethod 618 0x0000029e58f0d490 code [0x0000029e58f0d640, 0x0000029e58f0d7e8]
Event: 0.556 Thread 0x0000029e70239d00  620       3       java.util.HashSet::isEmpty (8 bytes)
Event: 0.556 Thread 0x0000029e70239d00 nmethod 620 0x0000029e58f0d890 code [0x0000029e58f0da40, 0x0000029e58f0dc98]
Event: 0.556 Thread 0x0000029e70239d00  619  s    3       java.beans.ChangeListenerMap::get (25 bytes)
Event: 0.556 Thread 0x0000029e70239d00 nmethod 619 0x0000029e58f0dd90 code [0x0000029e58f0df60, 0x0000029e58f0e360]
Event: 0.556 Thread 0x0000029e70239d00  621  s    3       java.awt.AWTKeyStroke::getCachedStroke (159 bytes)
Event: 0.557 Thread 0x0000029e70239d00 nmethod 621 0x0000029e58f0e490 code [0x0000029e58f0e800, 0x0000029e58f0fa58]
Event: 0.557 Thread 0x0000029e70239d00  622       3       java.awt.AWTKeyStroke::mapOldModifiers (69 bytes)
Event: 0.557 Thread 0x0000029e70239d00 nmethod 622 0x0000029e58f10210 code [0x0000029e58f103c0, 0x0000029e58f105f8]
Event: 0.568 Thread 0x0000029e70239d00  623       3       java.lang.StringLatin1::indexOf (37 bytes)
Event: 0.568 Thread 0x0000029e70239d00 nmethod 623 0x0000029e58f10690 code [0x0000029e58f10880, 0x0000029e58f10c70]

GC Heap History (0 events):
No events

Dll operation events (11 events):
Event: 0.042 Loaded shared library D:\SOFTWARECORE\JDK\bin\java.dll
Event: 0.079 Loaded shared library D:\SOFTWARECORE\JDK\bin\jsvml.dll
Event: 0.115 Loaded shared library D:\SOFTWARECORE\JDK\bin\zip.dll
Event: 0.119 Loaded shared library D:\SOFTWARECORE\JDK\bin\instrument.dll
Event: 0.125 Loaded shared library D:\SOFTWARECORE\JDK\bin\net.dll
Event: 0.127 Loaded shared library D:\SOFTWARECORE\JDK\bin\nio.dll
Event: 0.131 Loaded shared library D:\SOFTWARECORE\JDK\bin\zip.dll
Event: 0.179 Loaded shared library D:\SOFTWARECORE\IntelliJ IDEA Community Edition 2023.3.4\bin\breakgen64.dll
Event: 0.187 Loaded shared library D:\SOFTWARECORE\JDK\bin\extnet.dll
Event: 0.210 Loaded shared library D:\SOFTWARECORE\JDK\bin\jimage.dll
Event: 0.226 Loaded shared library D:\SOFTWARECORE\JDK\bin\awt.dll

Deoptimization events (20 events):
Event: 0.181 Thread 0x0000029e4eff4f80 DEOPT PACKING pc=0x0000029e60910d64 sp=0x000000c6363fef30
Event: 0.181 Thread 0x0000029e4eff4f80 DEOPT UNPACKING pc=0x0000029e603b7da2 sp=0x000000c6363fee70 mode 2
Event: 0.383 Thread 0x0000029e4eff4f80 Uncommon trap: trap_request=0xffffffc6 fr.pc=0x0000029e6090e34c relative=0x0000000000000b6c
Event: 0.383 Thread 0x0000029e4eff4f80 Uncommon trap: reason=bimorphic_or_optimized_type_check action=maybe_recompile pc=0x0000029e6090e34c method=java.util.HashMap.putVal(ILjava/lang/Object;Ljava/lang/Object;ZZ)Ljava/lang/Object; @ 56 c2
Event: 0.383 Thread 0x0000029e4eff4f80 DEOPT PACKING pc=0x0000029e6090e34c sp=0x000000c6363feb20
Event: 0.383 Thread 0x0000029e4eff4f80 DEOPT UNPACKING pc=0x0000029e603b7da2 sp=0x000000c6363feab8 mode 2
Event: 0.383 Thread 0x0000029e4eff4f80 Uncommon trap: trap_request=0xffffffc6 fr.pc=0x0000029e6090e34c relative=0x0000000000000b6c
Event: 0.383 Thread 0x0000029e4eff4f80 Uncommon trap: reason=bimorphic_or_optimized_type_check action=maybe_recompile pc=0x0000029e6090e34c method=java.util.HashMap.putVal(ILjava/lang/Object;Ljava/lang/Object;ZZ)Ljava/lang/Object; @ 56 c2
Event: 0.383 Thread 0x0000029e4eff4f80 DEOPT PACKING pc=0x0000029e6090e34c sp=0x000000c6363feb20
Event: 0.383 Thread 0x0000029e4eff4f80 DEOPT UNPACKING pc=0x0000029e603b7da2 sp=0x000000c6363feab8 mode 2
Event: 0.383 Thread 0x0000029e4eff4f80 Uncommon trap: trap_request=0xffffffc6 fr.pc=0x0000029e6090e34c relative=0x0000000000000b6c
Event: 0.383 Thread 0x0000029e4eff4f80 Uncommon trap: reason=bimorphic_or_optimized_type_check action=maybe_recompile pc=0x0000029e6090e34c method=java.util.HashMap.putVal(ILjava/lang/Object;Ljava/lang/Object;ZZ)Ljava/lang/Object; @ 56 c2
Event: 0.383 Thread 0x0000029e4eff4f80 DEOPT PACKING pc=0x0000029e6090e34c sp=0x000000c6363feb20
Event: 0.383 Thread 0x0000029e4eff4f80 DEOPT UNPACKING pc=0x0000029e603b7da2 sp=0x000000c6363feab8 mode 2
Event: 0.383 Thread 0x0000029e4eff4f80 Uncommon trap: trap_request=0xffffffc6 fr.pc=0x0000029e6090e34c relative=0x0000000000000b6c
Event: 0.383 Thread 0x0000029e4eff4f80 Uncommon trap: reason=bimorphic_or_optimized_type_check action=maybe_recompile pc=0x0000029e6090e34c method=java.util.HashMap.putVal(ILjava/lang/Object;Ljava/lang/Object;ZZ)Ljava/lang/Object; @ 56 c2
Event: 0.383 Thread 0x0000029e4eff4f80 DEOPT PACKING pc=0x0000029e6090e34c sp=0x000000c6363feb20
Event: 0.383 Thread 0x0000029e4eff4f80 DEOPT UNPACKING pc=0x0000029e603b7da2 sp=0x000000c6363feab8 mode 2
Event: 0.568 Thread 0x0000029e4eff4f80 DEOPT PACKING pc=0x0000029e58e5d8f8 sp=0x000000c6363fe440
Event: 0.568 Thread 0x0000029e4eff4f80 DEOPT UNPACKING pc=0x0000029e603b88e2 sp=0x000000c6363fd860 mode 0

Classes loaded (20 events):
Event: 0.541 Loading class javax/swing/plaf/basic/BasicBorders$RadioButtonBorder
Event: 0.541 Loading class javax/swing/plaf/basic/BasicBorders$ButtonBorder
Event: 0.541 Loading class javax/swing/plaf/basic/BasicBorders$ButtonBorder done
Event: 0.541 Loading class javax/swing/plaf/basic/BasicBorders$RadioButtonBorder done
Event: 0.541 Loading class javax/swing/plaf/metal/MetalIconFactory
Event: 0.541 Loading class javax/swing/plaf/metal/MetalIconFactory done
Event: 0.541 Loading class javax/swing/plaf/metal/MetalIconFactory$RadioButtonIcon
Event: 0.542 Loading class javax/swing/plaf/metal/MetalIconFactory$RadioButtonIcon done
Event: 0.542 Loading class javax/swing/plaf/basic/BasicButtonUI$KeyHandler
Event: 0.542 Loading class javax/swing/plaf/basic/BasicButtonUI$KeyHandler done
Event: 0.542 Loading class javax/swing/plaf/basic/BasicButtonUI$SelectPreviousBtn
Event: 0.542 Loading class javax/swing/plaf/basic/BasicButtonUI$SelectPreviousBtn done
Event: 0.542 Loading class javax/swing/plaf/basic/BasicButtonUI$SelectNextBtn
Event: 0.542 Loading class javax/swing/plaf/basic/BasicButtonUI$SelectNextBtn done
Event: 0.555 Loading class javax/swing/table/TableColumn
Event: 0.555 Loading class javax/swing/table/TableColumn done
Event: 0.555 Loading class javax/swing/event/SwingPropertyChangeSupport
Event: 0.555 Loading class javax/swing/event/SwingPropertyChangeSupport done
Event: 0.555 Loading class javax/swing/event/TableColumnModelEvent
Event: 0.555 Loading class javax/swing/event/TableColumnModelEvent done

Classes unloaded (0 events):
No events

Classes redefined (0 events):
No events

Internal exceptions (12 events):
Event: 0.131 Thread 0x0000029e4eff4f80 Exception <a 'java/lang/NoSuchMethodError'{0x00000007144fbea0}: 'void java.lang.invoke.DirectMethodHandle$Holder.invokeStatic(java.lang.Object, java.lang.Object, java.lang.Object)'> (0x00000007144fbea0) 
thrown [s\open\src\hotspot\share\interpreter\linkResolver.cpp, line 773]
Event: 0.136 Thread 0x0000029e4eff4f80 Exception <a 'java/lang/NoSuchMethodError'{0x00000007145133a8}: 'java.lang.Object java.lang.invoke.Invokers$Holder.invokeExact_MT(java.lang.Object, java.lang.Object, java.lang.Object, java.lang.Object, java.lang.Object)'> (0x00000007145133a8) 
thrown [s\open\src\hotspot\share\interpreter\linkResolver.cpp, line 773]
Event: 0.189 Thread 0x0000029e70537180 Exception <a 'java/lang/NoSuchMethodError'{0x000000071455b130}: 'void java.lang.invoke.DirectMethodHandle$Holder.invokeStatic(java.lang.Object, java.lang.Object)'> (0x000000071455b130) 
thrown [s\open\src\hotspot\share\interpreter\linkResolver.cpp, line 773]
Event: 0.216 Thread 0x0000029e4eff4f80 Exception <a 'java/lang/ClassNotFoundException'{0x000000071453a490}: sun/awt/resources/spi/awtProvider> (0x000000071453a490) 
thrown [s\open\src\hotspot\share\classfile\systemDictionary.cpp, line 312]
Event: 0.237 Thread 0x0000029e4eff4f80 Exception <a 'java/io/FileNotFoundException'{0x00000007145fd698}> (0x00000007145fd698) 
thrown [s\open\src\hotspot\share\prims\jni.cpp, line 520]
Event: 0.241 Thread 0x0000029e4eff4f80 Exception <a 'java/io/FileNotFoundException'{0x00000007142279b0}> (0x00000007142279b0) 
thrown [s\open\src\hotspot\share\prims\jni.cpp, line 520]
Event: 0.342 Thread 0x0000029e4eff4f80 Exception <a 'java/lang/NoSuchMethodError'{0x00000007142bac80}: 'void java.lang.invoke.DirectMethodHandle$Holder.invokeSpecial(java.lang.Object, java.lang.Object, java.lang.Object)'> (0x00000007142bac80) 
thrown [s\open\src\hotspot\share\interpreter\linkResolver.cpp, line 773]
Event: 0.359 Thread 0x0000029e4eff4f80 Exception <a 'java/lang/NoSuchMethodError'{0x00000007142e0120}: 'java.lang.Object java.lang.invoke.DirectMethodHandle$Holder.newInvokeSpecial(java.lang.Object, java.lang.Object, java.lang.Object, java.lang.Object, java.lang.Object)'> (0x00000007142e0120) 
thrown [s\open\src\hotspot\share\interpreter\linkResolver.cpp, line 773]
Event: 0.365 Thread 0x0000029e4eff4f80 Exception <a 'java/lang/NoSuchMethodError'{0x00000007143ed198}: 'java.lang.Object java.lang.invoke.DirectMethodHandle$Holder.invokeStatic(java.lang.Object, int, java.lang.Object)'> (0x00000007143ed198) 
thrown [s\open\src\hotspot\share\interpreter\linkResolver.cpp, line 773]
Event: 0.382 Thread 0x0000029e4eff4f80 Exception <a 'java/lang/ClassNotFoundException'{0x000000071408c7f8}: com/sun/swing/internal/plaf/metal/resources/spi/metalProvider> (0x000000071408c7f8) 
thrown [s\open\src\hotspot\share\classfile\systemDictionary.cpp, line 312]
Event: 0.384 Thread 0x0000029e4eff4f80 Exception <a 'java/lang/ClassNotFoundException'{0x0000000714090708}: com/sun/swing/internal/plaf/basic/resources/spi/basicProvider> (0x0000000714090708) 
thrown [s\open\src\hotspot\share\classfile\systemDictionary.cpp, line 312]
Event: 0.395 Thread 0x0000029e4eff4f80 Exception <a 'java/lang/NoSuchMethodError'{0x00000007140ac7d8}: 'int java.lang.invoke.Invokers$Holder.invokeExact_MT(java.lang.Object, java.lang.Object)'> (0x00000007140ac7d8) 
thrown [s\open\src\hotspot\share\interpreter\linkResolver.cpp, line 773]

ZGC Phase Switch (0 events):
No events

VM Operations (4 events):
Event: 0.103 Executing VM operation: HandshakeAllThreads (Deoptimize)
Event: 0.103 Executing VM operation: HandshakeAllThreads (Deoptimize) done
Event: 0.492 Executing VM operation: HandshakeAllThreads (Deoptimize)
Event: 0.492 Executing VM operation: HandshakeAllThreads (Deoptimize) done

Events (16 events):
Event: 0.058 Thread 0x0000029e4eff4f80 Thread added: 0x0000029e4eff4f80
Event: 0.076 Thread 0x0000029e702221b0 Thread added: 0x0000029e702221b0
Event: 0.077 Thread 0x0000029e70223280 Thread added: 0x0000029e70223280
Event: 0.077 Thread 0x0000029e70225c80 Thread added: 0x0000029e70225c80
Event: 0.077 Thread 0x0000029e702288a0 Thread added: 0x0000029e702288a0
Event: 0.077 Thread 0x0000029e7022a310 Thread added: 0x0000029e7022a310
Event: 0.077 Thread 0x0000029e70233670 Thread added: 0x0000029e70233670
Event: 0.077 Thread 0x0000029e702356f0 Thread added: 0x0000029e702356f0
Event: 0.077 Thread 0x0000029e70239d00 Thread added: 0x0000029e70239d00
Event: 0.097 Thread 0x0000029e7045f520 Thread added: 0x0000029e7045f520
Event: 0.180 Thread 0x0000029e70537180 Thread added: 0x0000029e70537180
Event: 0.180 Thread 0x0000029e70538010 Thread added: 0x0000029e70538010
Event: 0.304 Thread 0x0000029e706e9310 Thread added: 0x0000029e706e9310
Event: 0.306 Thread 0x0000029e706f0530 Thread added: 0x0000029e706f0530
Event: 0.307 Thread 0x0000029e706f4930 Thread added: 0x0000029e706f4930
Event: 0.522 Thread 0x0000029e7076ced0 Thread added: 0x0000029e7076ced0


Dynamic libraries:
0x00007ff6a7410000 - 0x00007ff6a7420000 	D:\SOFTWARECORE\JDK\bin\java.exe
0x00007ff9e1b10000 - 0x00007ff9e1d26000 	C:\WINDOWS\SYSTEM32\ntdll.dll
0x00007ff9e0860000 - 0x00007ff9e0924000 	C:\WINDOWS\System32\KERNEL32.DLL
0x00007ff9df290000 - 0x00007ff9df636000 	C:\WINDOWS\System32\KERNELBASE.dll
0x00007ff9dee40000 - 0x00007ff9def51000 	C:\WINDOWS\System32\ucrtbase.dll
0x00007ff9c9280000 - 0x00007ff9c9299000 	D:\SOFTWARECORE\JDK\bin\jli.dll
0x00007ff9c1a50000 - 0x00007ff9c1a6b000 	D:\SOFTWARECORE\JDK\bin\VCRUNTIME140.dll
0x00007ff9e19f0000 - 0x00007ff9e1aa2000 	C:\WINDOWS\System32\ADVAPI32.dll
0x00007ff9e0930000 - 0x00007ff9e09d7000 	C:\WINDOWS\System32\msvcrt.dll
0x00007ff9e12c0000 - 0x00007ff9e1368000 	C:\WINDOWS\System32\sechost.dll
0x00007ff9df140000 - 0x00007ff9df168000 	C:\WINDOWS\System32\bcrypt.dll
0x00007ff9e0e60000 - 0x00007ff9e0f75000 	C:\WINDOWS\System32\RPCRT4.dll
0x00007ff9e1630000 - 0x00007ff9e17dd000 	C:\WINDOWS\System32\USER32.dll
0x00007ff9d2b10000 - 0x00007ff9d2da3000 	C:\WINDOWS\WinSxS\amd64_microsoft.windows.common-controls_6595b64144ccf1df_6.0.22621.3139_none_270f19e5738675cb\COMCTL32.dll
0x00007ff9df6e0000 - 0x00007ff9df706000 	C:\WINDOWS\System32\win32u.dll
0x00007ff9e1290000 - 0x00007ff9e12b9000 	C:\WINDOWS\System32\GDI32.dll
0x00007ff9df170000 - 0x00007ff9df288000 	C:\WINDOWS\System32\gdi32full.dll
0x00007ff9df640000 - 0x00007ff9df6da000 	C:\WINDOWS\System32\msvcp_win.dll
0x00007ff9d3350000 - 0x00007ff9d335a000 	C:\WINDOWS\SYSTEM32\VERSION.dll
0x00007ff9df8d0000 - 0x00007ff9df901000 	C:\WINDOWS\System32\IMM32.DLL
0x00007ff9c9600000 - 0x00007ff9c960c000 	D:\SOFTWARECORE\JDK\bin\vcruntime140_1.dll
0x00007ff9bc770000 - 0x00007ff9bc7fe000 	D:\SOFTWARECORE\JDK\bin\msvcp140.dll
0x00007ff9622b0000 - 0x00007ff962fc7000 	D:\SOFTWARECORE\JDK\bin\server\jvm.dll
0x00007ff9e1200000 - 0x00007ff9e1271000 	C:\WINDOWS\System32\WS2_32.dll
0x00007ff9ddcd0000 - 0x00007ff9ddd1d000 	C:\WINDOWS\SYSTEM32\POWRPROF.dll
0x00007ff9d51c0000 - 0x00007ff9d51f4000 	C:\WINDOWS\SYSTEM32\WINMM.dll
0x00007ff9ddcb0000 - 0x00007ff9ddcc3000 	C:\WINDOWS\SYSTEM32\UMPDC.dll
0x00007ff9ddf70000 - 0x00007ff9ddf88000 	C:\WINDOWS\SYSTEM32\kernel.appcore.dll
0x00007ff9c9270000 - 0x00007ff9c927a000 	D:\SOFTWARECORE\JDK\bin\jimage.dll
0x00007ff9dc660000 - 0x00007ff9dc893000 	C:\WINDOWS\SYSTEM32\DBGHELP.DLL
0x00007ff9df970000 - 0x00007ff9dfcf8000 	C:\WINDOWS\System32\combase.dll
0x00007ff9e0570000 - 0x00007ff9e0647000 	C:\WINDOWS\System32\OLEAUT32.dll
0x00007ff9cc2c0000 - 0x00007ff9cc2f2000 	C:\WINDOWS\SYSTEM32\dbgcore.DLL
0x00007ff9df710000 - 0x00007ff9df78a000 	C:\WINDOWS\System32\bcryptPrimitives.dll
0x00007ff9c3ff0000 - 0x00007ff9c3fff000 	D:\SOFTWARECORE\JDK\bin\instrument.dll
0x00007ff9c19c0000 - 0x00007ff9c19df000 	D:\SOFTWARECORE\JDK\bin\java.dll
0x00007ff9dfd10000 - 0x00007ff9e056c000 	C:\WINDOWS\System32\SHELL32.dll
0x00007ff9dcdb0000 - 0x00007ff9dd6a9000 	C:\WINDOWS\SYSTEM32\windows.storage.dll
0x00007ff9dcc70000 - 0x00007ff9dcdae000 	C:\WINDOWS\SYSTEM32\wintypes.dll
0x00007ff9e0f80000 - 0x00007ff9e1073000 	C:\WINDOWS\System32\SHCORE.dll
0x00007ff9df910000 - 0x00007ff9df96e000 	C:\WINDOWS\System32\shlwapi.dll
0x00007ff9ded70000 - 0x00007ff9ded96000 	C:\WINDOWS\SYSTEM32\profapi.dll
0x00007ff9621d0000 - 0x00007ff9622a7000 	D:\SOFTWARECORE\JDK\bin\jsvml.dll
0x00007ff9c1880000 - 0x00007ff9c1898000 	D:\SOFTWARECORE\JDK\bin\zip.dll
0x00007ff9c5ab0000 - 0x00007ff9c5ac0000 	D:\SOFTWARECORE\JDK\bin\net.dll
0x00007ff9d70d0000 - 0x00007ff9d7207000 	C:\WINDOWS\SYSTEM32\WINHTTP.dll
0x00007ff9de3f0000 - 0x00007ff9de459000 	C:\WINDOWS\system32\mswsock.dll
0x00007ff9c1920000 - 0x00007ff9c1936000 	D:\SOFTWARECORE\JDK\bin\nio.dll
0x00007ff9bf6c0000 - 0x00007ff9bf6da000 	D:\SOFTWARECORE\IntelliJ IDEA Community Edition 2023.3.4\bin\breakgen64.dll
0x00007ff9c3af0000 - 0x00007ff9c3af9000 	D:\SOFTWARECORE\JDK\bin\extnet.dll
0x00007ff962040000 - 0x00007ff9621cf000 	D:\SOFTWARECORE\JDK\bin\awt.dll
0x00007ff9d9160000 - 0x00007ff9d91f7000 	C:\WINDOWS\SYSTEM32\apphelp.dll
0x00007ff9dbdd0000 - 0x00007ff9dbdfb000 	C:\WINDOWS\system32\DWMAPI.DLL
0x00007ff9d9590000 - 0x00007ff9d963b000 	C:\WINDOWS\system32\uxtheme.dll
0x00007ff9c73c0000 - 0x00007ff9c74c0000 	C:\WINDOWS\system32\opengl32.dll
0x00007ff9c7770000 - 0x00007ff9c779d000 	C:\WINDOWS\SYSTEM32\GLU32.dll
0x00007ff9dc130000 - 0x00007ff9dc169000 	C:\WINDOWS\SYSTEM32\dxcore.dll
0x00007ff9e1890000 - 0x00007ff9e19e4000 	C:\WINDOWS\System32\MSCTF.dll
0x00007ff9e06b0000 - 0x00007ff9e0855000 	C:\WINDOWS\System32\ole32.dll

dbghelp: loaded successfully - version: 4.0.5 - missing functions: none
symbol engine: initialized successfully - sym options: 0x614 - pdb path: .;D:\SOFTWARECORE\JDK\bin;C:\WINDOWS\SYSTEM32;C:\WINDOWS\WinSxS\amd64_microsoft.windows.common-controls_6595b64144ccf1df_6.0.22621.3139_none_270f19e5738675cb;D:\SOFTWARECORE\JDK\bin\server;D:\SOFTWARECORE\IntelliJ IDEA Community Edition 2023.3.4\bin

VM Arguments:
jvm_args: -javaagent:D:\SOFTWARECORE\IntelliJ IDEA Community Edition 2023.3.4\lib\idea_rt.jar=63355:D:\SOFTWARECORE\IntelliJ IDEA Community Edition 2023.3.4\bin -Dfile.encoding=UTF-8 -Dsun.stdout.encoding=UTF-8 -Dsun.stderr.encoding=UTF-8 
java_command: Menu
java_class_path (initial): D:\Universitas Pendidikan Indonesia\COLLEGE\Semester 4\DPBO\Practice\Modul 5 [Java SWING GUI - IDE Front-end]\DataMahasiswa\out\production\DataMahasiswa
Launcher Type: SUN_STANDARD

[Global flags]
     intx CICompilerCount                          = 4                                         {product} {ergonomic}
     uint ConcGCThreads                            = 2                                         {product} {ergonomic}
     uint G1ConcRefinementThreads                  = 8                                         {product} {ergonomic}
   size_t G1HeapRegionSize                         = 2097152                                   {product} {ergonomic}
    uintx GCDrainStackTargetSize                   = 64                                        {product} {ergonomic}
   size_t InitialHeapSize                          = 264241152                                 {product} {ergonomic}
   size_t MarkStackSize                            = 4194304                                   {product} {ergonomic}
   size_t MaxHeapSize                              = 4215275520                                {product} {ergonomic}
   size_t MaxNewSize                               = 2529165312                                {product} {ergonomic}
   size_t MinHeapDeltaBytes                        = 2097152                                   {product} {ergonomic}
   size_t MinHeapSize                              = 8388608                                   {product} {ergonomic}
    uintx NonNMethodCodeHeapSize                   = 5839372                                {pd product} {ergonomic}
    uintx NonProfiledCodeHeapSize                  = 122909434                              {pd product} {ergonomic}
    uintx ProfiledCodeHeapSize                     = 122909434                              {pd product} {ergonomic}
    uintx ReservedCodeCacheSize                    = 251658240                              {pd product} {ergonomic}
     bool SegmentedCodeCache                       = true                                      {product} {ergonomic}
   size_t SoftMaxHeapSize                          = 4215275520                             {manageable} {ergonomic}
     bool UseCompressedOops                        = true                           {product lp64_product} {ergonomic}
     bool UseG1GC                                  = true                                      {product} {ergonomic}
     bool UseLargePagesIndividualAllocation        = false                                  {pd product} {ergonomic}

Logging:
Log output configuration:
 #0: stdout all=warning uptime,level,tags foldmultilines=false
 #1: stderr all=off uptime,level,tags foldmultilines=false

Environment Variables:
JAVA_HOME=E:\jdk-20.0.2
PATH=C:\Program Files\Common Files\Oracle\Java\javapath;C:\Program Files (x86)\Common Files\Intel\Shared Libraries\redist\intel64\compiler;C:\Program Files (x86)\Common Files\Oracle\Java\javapath;C:\Windows\system32;C:\Windows;C:\Windows\System32\Wbem;C:\Windows\System32\WindowsPowerShell\v1.0\;C:\Windows\System32\OpenSSH\;C:\Program Files (x86)\NVIDIA Corporation\PhysX\Common;C:\Program Files\NVIDIA Corporation\NVIDIA NvDLISR;C:\WINDOWS\system32;C:\WINDOWS;C:\WINDOWS\System32\Wbem;C:\WINDOWS\System32\WindowsPowerShell\v1.0\;C:\WINDOWS\System32\OpenSSH\;C:\xampp\php;C:\composer;%QUARTUS_ROOTDIR%\bin;E:\jdk-20.0.2\bin;E:\DART\dartsdk-windows-x64-release\dart-sdk\bin;C:\Program Files\R\R-4.3.1\bin;E:\Anaconda3\Scripts;E:\Anaconda3\condabin\conda.bat;E:\Anaconda3\Scripts\conda.bat;E:\Anaconda3\Library\bin;E:\Anaconda3\Library\bin\conda.bat;E:\Anaconda3\Library\usr\bin;E:\Anaconda3;C:\Program Files\Microsoft SQL Server\150\Tools\Binn\;C:\Program Files (x86)\Windows Kits\10\Windows Performance Toolkit\;D:\CMake\bin;D:\Software\mingw64\bin;C:\Program Files\Pandoc\;D:\SOFTWARECORE\NodeJS\;C:\Program Files\MongoDB\Server\7.0\bin;C:\Program Files\MongoDB\Server\4.4\bin;C:\mingw64\bin;D:\SOFTWARECORE\dart-sdk\bin;D:\SOFTWARECORE\flutter\bin;E:\Git\cmd;C:\Users\Defrizal\AppData\Local\Programs\Python\Python310\Scripts\;C:\Users\Defrizal\AppData\Local\Programs\Python\Python310\;C:\Users\Defrizal\AppData\Local\Microsoft\WindowsApps;C:\Program Files\JetBrains\PyCharm 2022.1.4\bin;C:\Program Files\JetBrains\PyCharm Community Edition 2022.1.4\bin;C:\Users\Defrizal\AppData\Local\Programs\Microsoft VS Code\bin;AY(E:)\xampp\php;C:\Users\Defrizal\AppData\Roaming\Composer\vendor\bin;C:\Users\Defrizal\AppData\Local\spicetify;D:\SOFTWARECORE\IntelliJ IDEA Community Edition 2023.3.4\bin;;C:\Users\Defrizal\AppData\Local\GitHubDesktop\bin;E:\Anaconda3\Scripts;E:\Anaconda3;E:\Anaconda3\Library\bin;E:\Anaconda3\Library\usr\bin;E:\Anaconda3\Library\bin\conda.bat;E:\Anaconda3\Library\bin;E:\Anaconda3\Scripts\conda.exe;E:\Anaconda3\condabin\conda.bat;E:\Anaconda3\Scripts;D:\Software\mingw64\bin;C:\Users\Defrizal\AppData\Roaming\npm;C:\Program Files\MongoDB\Server\4.4\bin;D:\SOFTWARECORE\dart-sdk\bin;D:\SOFTWARECORE\flutter\bin;
USERNAME=Defrizal
OS=Windows_NT
PROCESSOR_IDENTIFIER=Intel64 Family 6 Model 140 Stepping 1, GenuineIntel
TMP=C:\Users\Defrizal\AppData\Local\Temp
TEMP=C:\Users\Defrizal\AppData\Local\Temp




Periodic native trim disabled

---------------  S Y S T E M  ---------------

OS:
 Windows 11 , 64 bit Build 22621 (10.0.22621.3139)
OS uptime: 0 days 3:57 hours

CPU: total 8 (initial active 8) (4 cores per cpu, 2 threads per core) family 6 model 140 stepping 1 microcode 0xa4, cx8, cmov, fxsr, ht, mmx, 3dnowpref, sse, sse2, sse3, ssse3, sse4.1, sse4.2, popcnt, lzcnt, tsc, tscinvbit, avx, avx2, aes, erms, clmul, bmi1, bmi2, adx, avx512f, avx512dq, avx512cd, avx512bw, avx512vl, sha, fma, vzeroupper, avx512_vpopcntdq, avx512_vpclmulqdq, avx512_vaes, avx512_vnni, clflush, clflushopt, clwb, avx512_vbmi2, avx512_vbmi, rdtscp, rdpid, fsrm, gfni, avx512_bitalg, f16c, pku, cet_ibt, cet_ss, avx512_ifma
Processor Information for processor 0
  Max Mhz: 3302, Current Mhz: 3302, Mhz Limit: 3302
Processor Information for processor 1
  Max Mhz: 3302, Current Mhz: 3302, Mhz Limit: 3302
Processor Information for processor 2
  Max Mhz: 3302, Current Mhz: 3302, Mhz Limit: 3302
Processor Information for processor 3
  Max Mhz: 3302, Current Mhz: 1000, Mhz Limit: 3302
Processor Information for processor 4
  Max Mhz: 3302, Current Mhz: 3302, Mhz Limit: 3302
Processor Information for processor 5
  Max Mhz: 3302, Current Mhz: 1000, Mhz Limit: 3302
Processor Information for processor 6
  Max Mhz: 3302, Current Mhz: 3302, Mhz Limit: 3302
Processor Information for processor 7
  Max Mhz: 3302, Current Mhz: 1000, Mhz Limit: 3302

Memory: 4k page, system-wide physical 16075M (4744M free)
TotalPageFile size 16075M (AvailPageFile size 4M)
current process WorkingSet (physical memory assigned to process): 55M, peak: 55M
current process commit charge ("private bytes"): 346M, peak: 346M

vm_info: Java HotSpot(TM) 64-Bit Server VM (21.0.2+13-LTS-58) for windows-amd64 JRE (21.0.2+13-LTS-58), built on 2024-01-05T18:32:24Z by "mach5one" with MS VC++ 17.1 (VS2022)

END.
