#
# There is insufficient memory for the Java Runtime Environment to continue.
# Native memory allocation (mmap) failed to map 65536 bytes for Failed to commit metaspace.
# Possible reasons:
#   The system is out of physical RAM or swap space
#   The process is running with CompressedOops enabled, and the Java Heap may be blocking the growth of the native heap
# Possible solutions:
#   Reduce memory load on the system
#   Increase physical memory or swap space
#   Check if swap backing store is full
#   Decrease Java heap size (-Xmx/-Xms)
#   Decrease number of Java threads
#   Decrease Java thread stack sizes (-Xss)
#   Set larger code cache with -XX:ReservedCodeCacheSize=
#   JVM is running with Zero Based Compressed Oops mode in which the Java heap is
#     placed in the first 32GB address space. The Java Heap base address is the
#     maximum limit for the native heap growth. Please use -XX:HeapBaseMinAddress
#     to set the Java Heap base and to place the Java Heap above 32GB virtual address.
# This output file may be truncated or incomplete.
#
#  Out of Memory Error (virtualSpaceNode.cpp:112), pid=8396, tid=11912
#
# JRE version: Java(TM) SE Runtime Environment (21.0.2+13) (build 21.0.2+13-LTS-58)
# Java VM: Java HotSpot(TM) 64-Bit Server VM (21.0.2+13-LTS-58, mixed mode, sharing, tiered, compressed oops, compressed class ptrs, g1 gc, windows-amd64)
# No core dump will be written. Minidumps are not enabled by default on client versions of Windows
#

---------------  S U M M A R Y ------------

Command Line: -javaagent:D:\SOFTWARECORE\IntelliJ IDEA Community Edition 2023.3.4\lib\idea_rt.jar=53221:D:\SOFTWARECORE\IntelliJ IDEA Community Edition 2023.3.4\bin -Dfile.encoding=UTF-8 -Dsun.stdout.encoding=UTF-8 -Dsun.stderr.encoding=UTF-8 Menu

Host: 11th Gen Intel(R) Core(TM) i7-11370H @ 3.30GHz, 8 cores, 15G,  Windows 11 , 64 bit Build 22621 (10.0.22621.3139)
Time: Tue Mar 12 16:50:51 2024 SE Asia Standard Time elapsed time: 0.327639 seconds (0d 0h 0m 0s)

---------------  T H R E A D  ---------------

Current thread (0x000001fc7b4de830):  JavaThread "AWT-EventQueue-0"        [_thread_in_vm, id=11912, stack(0x00000055fe400000,0x00000055fe500000) (1024K)]

Stack: [0x00000055fe400000,0x00000055fe500000]
Native frames: (J=compiled Java code, j=interpreted, Vv=VM code, C=native code)
V  [jvm.dll+0x6cade9]
V  [jvm.dll+0x8569c1]
V  [jvm.dll+0x858d2e]
V  [jvm.dll+0x859413]
V  [jvm.dll+0x280e56]
V  [jvm.dll+0x8526ee]
V  [jvm.dll+0x66e705]
V  [jvm.dll+0x1e68cc]
V  [jvm.dll+0x1e669e]
V  [jvm.dll+0x67104c]
V  [jvm.dll+0x670e62]
V  [jvm.dll+0x66f0de]
V  [jvm.dll+0x26b47f]
V  [jvm.dll+0x679305]
V  [jvm.dll+0x217b73]
V  [jvm.dll+0x2180b5]
V  [jvm.dll+0x218ad1]
V  [jvm.dll+0x20dd9e]
V  [jvm.dll+0x5ad3dc]
V  [jvm.dll+0x21f76a]
V  [jvm.dll+0x7cec21]
V  [jvm.dll+0x7cfc85]
V  [jvm.dll+0x7d0440]
V  [jvm.dll+0x218ecc]
V  [jvm.dll+0x20ddb7]
V  [jvm.dll+0x5ad3dc]
V  [jvm.dll+0x21f76a]
V  [jvm.dll+0x7cec21]
V  [jvm.dll+0x7cfc85]
V  [jvm.dll+0x7d022f]
V  [jvm.dll+0x7cfed8]
V  [jvm.dll+0x26ed7b]
V  [jvm.dll+0x3d6d0f]
C  0x000001fc678ab72a

The last pc belongs to instanceof (printed below).
Java frames: (J=compiled Java code, j=interpreted, Vv=VM code)
j  sun.java2d.d3d.D3DScreenUpdateManager.createGraphics(Lsun/java2d/SurfaceData;Lsun/awt/windows/WComponentPeer;Ljava/awt/Color;Ljava/awt/Color;Ljava/awt/Font;)Ljava/awt/Graphics2D;+8 java.desktop@21.0.2
j  sun.awt.windows.WComponentPeer.getGraphics()Ljava/awt/Graphics;+198 java.desktop@21.0.2
j  java.awt.Component.getGraphics()Ljava/awt/Graphics;+114 java.desktop@21.0.2
j  javax.swing.JFrame.getGraphics()Ljava/awt/Graphics;+5 java.desktop@21.0.2
j  javax.swing.JComponent.safelyGetGraphics(Ljava/awt/Component;Ljava/awt/Component;)Ljava/awt/Graphics;+11 java.desktop@21.0.2
j  javax.swing.RepaintManager$4.run()Ljava/lang/Void;+105 java.desktop@21.0.2
j  javax.swing.RepaintManager$4.run()Ljava/lang/Object;+1 java.desktop@21.0.2
j  java.security.AccessController.executePrivileged(Ljava/security/PrivilegedAction;Ljava/security/AccessControlContext;Ljava/lang/Class;)Ljava/lang/Object;+29 java.base@21.0.2
j  java.security.AccessController.doPrivileged(Ljava/security/PrivilegedAction;Ljava/security/AccessControlContext;)Ljava/lang/Object;+13 java.base@21.0.2
j  java.security.ProtectionDomain$JavaSecurityAccessImpl.doIntersectionPrivilege(Ljava/security/PrivilegedAction;Ljava/security/AccessControlContext;Ljava/security/AccessControlContext;)Ljava/lang/Object;+18 java.base@21.0.2
j  javax.swing.RepaintManager.paintDirtyRegions(Ljava/util/Map;)V+154 java.desktop@21.0.2
j  javax.swing.RepaintManager.paintDirtyRegions()V+46 java.desktop@21.0.2
j  javax.swing.RepaintManager.prePaintDirtyRegions()V+73 java.desktop@21.0.2
j  javax.swing.RepaintManager$ProcessingRunnable.run()V+37 java.desktop@21.0.2
j  java.awt.event.InvocationEvent.dispatch()V+47 java.desktop@21.0.2
j  java.awt.EventQueue.dispatchEventImpl(Ljava/awt/AWTEvent;Ljava/lang/Object;)V+21 java.desktop@21.0.2
j  java.awt.EventQueue$4.run()Ljava/lang/Void;+32 java.desktop@21.0.2
j  java.awt.EventQueue$4.run()Ljava/lang/Object;+1 java.desktop@21.0.2
j  java.security.AccessController.executePrivileged(Ljava/security/PrivilegedAction;Ljava/security/AccessControlContext;Ljava/lang/Class;)Ljava/lang/Object;+29 java.base@21.0.2
j  java.security.AccessController.doPrivileged(Ljava/security/PrivilegedAction;Ljava/security/AccessControlContext;)Ljava/lang/Object;+13 java.base@21.0.2
j  java.security.ProtectionDomain$JavaSecurityAccessImpl.doIntersectionPrivilege(Ljava/security/PrivilegedAction;Ljava/security/AccessControlContext;Ljava/security/AccessControlContext;)Ljava/lang/Object;+18 java.base@21.0.2
j  java.awt.EventQueue.dispatchEvent(Ljava/awt/AWTEvent;)V+46 java.desktop@21.0.2
j  java.awt.EventDispatchThread.pumpOneEventForFilters(I)V+81 java.desktop@21.0.2
j  java.awt.EventDispatchThread.pumpEventsForFilter(ILjava/awt/Conditional;Ljava/awt/EventFilter;)V+35 java.desktop@21.0.2
j  java.awt.EventDispatchThread.pumpEventsForHierarchy(ILjava/awt/Conditional;Ljava/awt/Component;)V+11 java.desktop@21.0.2
j  java.awt.EventDispatchThread.pumpEvents(ILjava/awt/Conditional;)V+4 java.desktop@21.0.2
j  java.awt.EventDispatchThread.pumpEvents(Ljava/awt/Conditional;)V+3 java.desktop@21.0.2
j  java.awt.EventDispatchThread.run()V+9 java.desktop@21.0.2
v  ~StubRoutines::call_stub 0x000001fc678910e7
instanceof  193 instanceof  [0x000001fc678ab6a0, 0x000001fc678ab8e8]  584 bytes
[MachCode]
  0x000001fc678ab6a0: 5848 85c0 | 0f84 0702 | 0000 488b | 4de8 488b | 4908 488b | 4908 488b | 5108 410f | b75d 010f 
  0x000001fc678ab6c0: cbc1 eb10 | 807c 1a04 | 070f 84c6 | 0000 0050 | e805 0000 | 00e9 9600 | 0000 488d | 4424 084c 
  0x000001fc678ab6e0: 896d c049 | 8bcf c5f8 | 7749 89af | a803 0000 | 4989 8798 | 0300 0048 | 83ec 2040 | f6c4 0f0f 
  0x000001fc678ab700: 8419 0000 | 0048 83ec | 0848 b820 | 6cd3 14fd | 7f00 00ff | d048 83c4 | 08e9 0c00 | 0000 48b8 
  0x000001fc678ab720: 206c d314 | fd7f 0000 | ffd0 4883 | c420 49c7 | 8798 0300 | 0000 0000 | 0049 c787 | a803 0000 
  0x000001fc678ab740: 0000 0000 | 49c7 87a0 | 0300 0000 | 0000 00c5 | f877 4983 | 7f08 000f | 8405 0000 | 00e9 9e57 
  0x000001fc678ab760: feff 4c8b | 6dc0 4c8b | 75c8 4e8d | 74f5 00c3 | 498b 87f8 | 0300 0049 | c787 f803 | 0000 0000 
  0x000001fc678ab780: 0000 5a8b | 5208 49ba | 0000 0000 | fc01 0000 | 4903 d2eb | 1e8b 5008 | 49ba 0000 | 0000 fc01 
  0x000001fc678ab7a0: 0000 4903 | d266 8b5c | d948 488b | 4928 488b | 44d9 0848 | 8b4d d848 | 85c9 0f84 | 8a00 0000 
  0x000001fc678ab7c0: 488b 7918 | 483b fa0f | 850f 0000 | 0048 8341 | 2001 4883 | 5920 00e9 | 6600 0000 | 4885 ff0f 
  0x000001fc678ab7e0: 8437 0000 | 0048 8b79 | 2848 3bfa | 0f85 0f00 | 0000 4883 | 4130 0148 | 8359 3000 | e941 0000 
  0x000001fc678ab800: 0048 85ff | 0f85 3800 | 0000 4889 | 5128 bf01 | 0000 0048 | 8979 30e9 | 2600 0000 | 483b 5128 
  0x000001fc678ab820: 0f85 0f00 | 0000 4883 | 4130 0148 | 8359 3000 | e90d 0000 | 0048 8951 | 18bf 0100 | 0000 4889 
  0x000001fc678ab840: 7920 4883 | c138 4889 | 4dd8 483b | d00f 8454 | 0000 008b | 4814 483b | 040a 0f84 | 4700 0000 
  0x000001fc678ab860: 83f9 200f | 851d 0000 | 0057 488b | 7a28 8b0f | 4883 c708 | 4885 c0f2 | 48af 5f75 | 0948 8942 
  0x000001fc678ab880: 20e9 2100 | 0000 488b | 4dd8 4885 | c90f 8410 | 0000 0048 | 8341 d0ff | 0f88 0500 | 0000 4883 
  0x000001fc678ab8a0: 41d0 0133 | c0eb 23b8 | 0100 0000 | e919 0000 | 0048 8b4d | d848 85c9 | 0f84 0c00 | 0000 8049 
  0x000001fc678ab8c0: 0101 4883 | c138 4889 | 4dd8 410f | b65d 0349 | 83c5 0349 | ba00 e75a | 15fd 7f00 | 0041 ff24 
  0x000001fc678ab8e0: da0f 1f80 | 0000 0000 
[/MachCode]

---------------  P R O C E S S  ---------------

Threads class SMR info:
_java_thread_list=0x000001fc7da109c0, length=16, elements={
0x000001fc76f80e90, 0x000001fc76f81ea0, 0x000001fc76f84bf0, 0x000001fc76f87750,
0x000001fc76f892b0, 0x000001fc76f91f40, 0x000001fc76f980f0, 0x000001fc76f99ba0,
0x000001fc7b1ca020, 0x000001fc7b3258b0, 0x000001fc7b326530, 0x000001fc7b4370d0,
0x000001fc7b43d8e0, 0x000001fc7b4420f0, 0x000001fc7b4de830, 0x000001fc57ef9a10
}

Java Threads: ( => current thread )
  0x000001fc76f80e90 JavaThread "Reference Handler"          daemon [_thread_blocked, id=19268, stack(0x00000055fd600000,0x00000055fd700000) (1024K)]
  0x000001fc76f81ea0 JavaThread "Finalizer"                  daemon [_thread_blocked, id=15700, stack(0x00000055fd700000,0x00000055fd800000) (1024K)]
  0x000001fc76f84bf0 JavaThread "Signal Dispatcher"          daemon [_thread_blocked, id=2200, stack(0x00000055fd800000,0x00000055fd900000) (1024K)]
  0x000001fc76f87750 JavaThread "Attach Listener"            daemon [_thread_blocked, id=16536, stack(0x00000055fd900000,0x00000055fda00000) (1024K)]
  0x000001fc76f892b0 JavaThread "Service Thread"             daemon [_thread_blocked, id=3272, stack(0x00000055fda00000,0x00000055fdb00000) (1024K)]
  0x000001fc76f91f40 JavaThread "Monitor Deflation Thread"   daemon [_thread_blocked, id=6572, stack(0x00000055fdb00000,0x00000055fdc00000) (1024K)]
  0x000001fc76f980f0 JavaThread "C2 CompilerThread0"         daemon [_thread_blocked, id=6992, stack(0x00000055fdc00000,0x00000055fdd00000) (1024K)]
  0x000001fc76f99ba0 JavaThread "C1 CompilerThread0"         daemon [_thread_blocked, id=6364, stack(0x00000055fdd00000,0x00000055fde00000) (1024K)]
  0x000001fc7b1ca020 JavaThread "Common-Cleaner"             daemon [_thread_blocked, id=21392, stack(0x00000055fde00000,0x00000055fdf00000) (1024K)]
  0x000001fc7b3258b0 JavaThread "Monitor Ctrl-Break"         daemon [_thread_in_native, id=6016, stack(0x00000055fdf00000,0x00000055fe000000) (1024K)]
  0x000001fc7b326530 JavaThread "Notification Thread"        daemon [_thread_blocked, id=20852, stack(0x00000055fe000000,0x00000055fe100000) (1024K)]
  0x000001fc7b4370d0 JavaThread "Java2D Disposer"            daemon [_thread_blocked, id=16096, stack(0x00000055fe100000,0x00000055fe200000) (1024K)]
  0x000001fc7b43d8e0 JavaThread "AWT-Shutdown"                      [_thread_blocked, id=2716, stack(0x00000055fe200000,0x00000055fe300000) (1024K)]
  0x000001fc7b4420f0 JavaThread "AWT-Windows"                daemon [_thread_in_native, id=6884, stack(0x00000055fe300000,0x00000055fe400000) (1024K)]
=>0x000001fc7b4de830 JavaThread "AWT-EventQueue-0"                  [_thread_in_vm, id=11912, stack(0x00000055fe400000,0x00000055fe500000) (1024K)]
  0x000001fc57ef9a10 JavaThread "DestroyJavaVM"                     [_thread_blocked, id=21256, stack(0x00000055fce00000,0x00000055fcf00000) (1024K)]
Total: 16

Other Threads:
  0x000001fc55d6d370 VMThread "VM Thread"                           [id=3580, stack(0x00000055fd500000,0x00000055fd600000) (1024K)]
  0x000001fc76f4d4a0 WatcherThread "VM Periodic Task Thread"        [id=8772, stack(0x00000055fd400000,0x00000055fd500000) (1024K)]
  0x000001fc55d6c4f0 WorkerThread "GC Thread#0"                     [id=7996, stack(0x00000055fcf00000,0x00000055fd000000) (1024K)]
  0x000001fc57f731c0 ConcurrentGCThread "G1 Main Marker"            [id=19364, stack(0x00000055fd000000,0x00000055fd100000) (1024K)]
  0x000001fc55d6cfd0 WorkerThread "G1 Conc#0"                       [id=4388, stack(0x00000055fd100000,0x00000055fd200000) (1024K)]
  0x000001fc76e1bd50 ConcurrentGCThread "G1 Refine#0"               [id=20800, stack(0x00000055fd200000,0x00000055fd300000) (1024K)]
  0x000001fc76e1c8c0 ConcurrentGCThread "G1 Service"                [id=9016, stack(0x00000055fd300000,0x00000055fd400000) (1024K)]
Total: 7

Threads with active compile tasks:
Total: 0

VM state: not at safepoint (normal execution)

VM Mutex/Monitor currently owned by a thread:  ([mutex/lock_event])
[0x00007ffd1559ace8] Metaspace_lock - owner thread: 0x000001fc7b4de830

Heap address: 0x0000000704c00000, size: 4020 MB, Compressed Oops mode: Zero based, Oop shift amount: 3

CDS archive(s) mapped at: [0x000001fc00000000-0x000001fc00c90000-0x000001fc00c90000), size 13172736, SharedBaseAddress: 0x000001fc00000000, ArchiveRelocationMode: 1.
Compressed class space mapped at: 0x000001fc01000000-0x000001fc41000000, reserved size: 1073741824
Narrow klass base: 0x000001fc00000000, Narrow klass shift: 0, Narrow klass range: 0x100000000

GC Precious Log:
 CardTable entry size: 512
 Card Set container configuration: InlinePtr #cards 4 size 8 Array Of Cards #cards 16 size 48 Howl #buckets 8 coarsen threshold 3686 Howl Bitmap #cards 512 size 80 coarsen threshold 460 Card regions per heap region 1 cards per card region 4096
 CPUs: 8 total, 8 available
 Memory: 16075M
 Large Page Support: Disabled
 NUMA Support: Disabled
 Compressed Oops: Enabled (Zero based)
 Heap Region Size: 2M
 Heap Min Capacity: 8M
 Heap Initial Capacity: 252M
 Heap Max Capacity: 4020M
 Pre-touch: Disabled
 Parallel Workers: 8
 Concurrent Workers: 2
 Concurrent Refinement Workers: 8
 Periodic GC: Disabled

Heap:
 garbage-first heap   total 258048K, used 8192K [0x0000000704c00000, 0x0000000800000000)
  region size 2048K, 5 young (10240K), 0 survivors (0K)
 Metaspace       used 9225K, committed 9408K, reserved 1114112K
  class space    used 1088K, committed 1216K, reserved 1048576K

Heap Regions: E=young(eden), S=young(survivor), O=old, HS=humongous(starts), HC=humongous(continues), CS=collection set, F=free, TAMS=top-at-mark-start, PB=parsable bottom
|   0|0x0000000704c00000, 0x0000000704c00000, 0x0000000704e00000|  0%| F|  |TAMS 0x0000000704c00000| PB 0x0000000704c00000| Untracked 
|   1|0x0000000704e00000, 0x0000000704e00000, 0x0000000705000000|  0%| F|  |TAMS 0x0000000704e00000| PB 0x0000000704e00000| Untracked 
|   2|0x0000000705000000, 0x0000000705000000, 0x0000000705200000|  0%| F|  |TAMS 0x0000000705000000| PB 0x0000000705000000| Untracked 
|   3|0x0000000705200000, 0x0000000705200000, 0x0000000705400000|  0%| F|  |TAMS 0x0000000705200000| PB 0x0000000705200000| Untracked 
|   4|0x0000000705400000, 0x0000000705400000, 0x0000000705600000|  0%| F|  |TAMS 0x0000000705400000| PB 0x0000000705400000| Untracked 
|   5|0x0000000705600000, 0x0000000705600000, 0x0000000705800000|  0%| F|  |TAMS 0x0000000705600000| PB 0x0000000705600000| Untracked 
|   6|0x0000000705800000, 0x0000000705800000, 0x0000000705a00000|  0%| F|  |TAMS 0x0000000705800000| PB 0x0000000705800000| Untracked 
|   7|0x0000000705a00000, 0x0000000705a00000, 0x0000000705c00000|  0%| F|  |TAMS 0x0000000705a00000| PB 0x0000000705a00000| Untracked 
|   8|0x0000000705c00000, 0x0000000705c00000, 0x0000000705e00000|  0%| F|  |TAMS 0x0000000705c00000| PB 0x0000000705c00000| Untracked 
|   9|0x0000000705e00000, 0x0000000705e00000, 0x0000000706000000|  0%| F|  |TAMS 0x0000000705e00000| PB 0x0000000705e00000| Untracked 
|  10|0x0000000706000000, 0x0000000706000000, 0x0000000706200000|  0%| F|  |TAMS 0x0000000706000000| PB 0x0000000706000000| Untracked 
|  11|0x0000000706200000, 0x0000000706200000, 0x0000000706400000|  0%| F|  |TAMS 0x0000000706200000| PB 0x0000000706200000| Untracked 
|  12|0x0000000706400000, 0x0000000706400000, 0x0000000706600000|  0%| F|  |TAMS 0x0000000706400000| PB 0x0000000706400000| Untracked 
|  13|0x0000000706600000, 0x0000000706600000, 0x0000000706800000|  0%| F|  |TAMS 0x0000000706600000| PB 0x0000000706600000| Untracked 
|  14|0x0000000706800000, 0x0000000706800000, 0x0000000706a00000|  0%| F|  |TAMS 0x0000000706800000| PB 0x0000000706800000| Untracked 
|  15|0x0000000706a00000, 0x0000000706a00000, 0x0000000706c00000|  0%| F|  |TAMS 0x0000000706a00000| PB 0x0000000706a00000| Untracked 
|  16|0x0000000706c00000, 0x0000000706c00000, 0x0000000706e00000|  0%| F|  |TAMS 0x0000000706c00000| PB 0x0000000706c00000| Untracked 
|  17|0x0000000706e00000, 0x0000000706e00000, 0x0000000707000000|  0%| F|  |TAMS 0x0000000706e00000| PB 0x0000000706e00000| Untracked 
|  18|0x0000000707000000, 0x0000000707000000, 0x0000000707200000|  0%| F|  |TAMS 0x0000000707000000| PB 0x0000000707000000| Untracked 
|  19|0x0000000707200000, 0x0000000707200000, 0x0000000707400000|  0%| F|  |TAMS 0x0000000707200000| PB 0x0000000707200000| Untracked 
|  20|0x0000000707400000, 0x0000000707400000, 0x0000000707600000|  0%| F|  |TAMS 0x0000000707400000| PB 0x0000000707400000| Untracked 
|  21|0x0000000707600000, 0x0000000707600000, 0x0000000707800000|  0%| F|  |TAMS 0x0000000707600000| PB 0x0000000707600000| Untracked 
|  22|0x0000000707800000, 0x0000000707800000, 0x0000000707a00000|  0%| F|  |TAMS 0x0000000707800000| PB 0x0000000707800000| Untracked 
|  23|0x0000000707a00000, 0x0000000707a00000, 0x0000000707c00000|  0%| F|  |TAMS 0x0000000707a00000| PB 0x0000000707a00000| Untracked 
|  24|0x0000000707c00000, 0x0000000707c00000, 0x0000000707e00000|  0%| F|  |TAMS 0x0000000707c00000| PB 0x0000000707c00000| Untracked 
|  25|0x0000000707e00000, 0x0000000707e00000, 0x0000000708000000|  0%| F|  |TAMS 0x0000000707e00000| PB 0x0000000707e00000| Untracked 
|  26|0x0000000708000000, 0x0000000708000000, 0x0000000708200000|  0%| F|  |TAMS 0x0000000708000000| PB 0x0000000708000000| Untracked 
|  27|0x0000000708200000, 0x0000000708200000, 0x0000000708400000|  0%| F|  |TAMS 0x0000000708200000| PB 0x0000000708200000| Untracked 
|  28|0x0000000708400000, 0x0000000708400000, 0x0000000708600000|  0%| F|  |TAMS 0x0000000708400000| PB 0x0000000708400000| Untracked 
|  29|0x0000000708600000, 0x0000000708600000, 0x0000000708800000|  0%| F|  |TAMS 0x0000000708600000| PB 0x0000000708600000| Untracked 
|  30|0x0000000708800000, 0x0000000708800000, 0x0000000708a00000|  0%| F|  |TAMS 0x0000000708800000| PB 0x0000000708800000| Untracked 
|  31|0x0000000708a00000, 0x0000000708a00000, 0x0000000708c00000|  0%| F|  |TAMS 0x0000000708a00000| PB 0x0000000708a00000| Untracked 
|  32|0x0000000708c00000, 0x0000000708c00000, 0x0000000708e00000|  0%| F|  |TAMS 0x0000000708c00000| PB 0x0000000708c00000| Untracked 
|  33|0x0000000708e00000, 0x0000000708e00000, 0x0000000709000000|  0%| F|  |TAMS 0x0000000708e00000| PB 0x0000000708e00000| Untracked 
|  34|0x0000000709000000, 0x0000000709000000, 0x0000000709200000|  0%| F|  |TAMS 0x0000000709000000| PB 0x0000000709000000| Untracked 
|  35|0x0000000709200000, 0x0000000709200000, 0x0000000709400000|  0%| F|  |TAMS 0x0000000709200000| PB 0x0000000709200000| Untracked 
|  36|0x0000000709400000, 0x0000000709400000, 0x0000000709600000|  0%| F|  |TAMS 0x0000000709400000| PB 0x0000000709400000| Untracked 
|  37|0x0000000709600000, 0x0000000709600000, 0x0000000709800000|  0%| F|  |TAMS 0x0000000709600000| PB 0x0000000709600000| Untracked 
|  38|0x0000000709800000, 0x0000000709800000, 0x0000000709a00000|  0%| F|  |TAMS 0x0000000709800000| PB 0x0000000709800000| Untracked 
|  39|0x0000000709a00000, 0x0000000709a00000, 0x0000000709c00000|  0%| F|  |TAMS 0x0000000709a00000| PB 0x0000000709a00000| Untracked 
|  40|0x0000000709c00000, 0x0000000709c00000, 0x0000000709e00000|  0%| F|  |TAMS 0x0000000709c00000| PB 0x0000000709c00000| Untracked 
|  41|0x0000000709e00000, 0x0000000709e00000, 0x000000070a000000|  0%| F|  |TAMS 0x0000000709e00000| PB 0x0000000709e00000| Untracked 
|  42|0x000000070a000000, 0x000000070a000000, 0x000000070a200000|  0%| F|  |TAMS 0x000000070a000000| PB 0x000000070a000000| Untracked 
|  43|0x000000070a200000, 0x000000070a200000, 0x000000070a400000|  0%| F|  |TAMS 0x000000070a200000| PB 0x000000070a200000| Untracked 
|  44|0x000000070a400000, 0x000000070a400000, 0x000000070a600000|  0%| F|  |TAMS 0x000000070a400000| PB 0x000000070a400000| Untracked 
|  45|0x000000070a600000, 0x000000070a600000, 0x000000070a800000|  0%| F|  |TAMS 0x000000070a600000| PB 0x000000070a600000| Untracked 
|  46|0x000000070a800000, 0x000000070a800000, 0x000000070aa00000|  0%| F|  |TAMS 0x000000070a800000| PB 0x000000070a800000| Untracked 
|  47|0x000000070aa00000, 0x000000070aa00000, 0x000000070ac00000|  0%| F|  |TAMS 0x000000070aa00000| PB 0x000000070aa00000| Untracked 
|  48|0x000000070ac00000, 0x000000070ac00000, 0x000000070ae00000|  0%| F|  |TAMS 0x000000070ac00000| PB 0x000000070ac00000| Untracked 
|  49|0x000000070ae00000, 0x000000070ae00000, 0x000000070b000000|  0%| F|  |TAMS 0x000000070ae00000| PB 0x000000070ae00000| Untracked 
|  50|0x000000070b000000, 0x000000070b000000, 0x000000070b200000|  0%| F|  |TAMS 0x000000070b000000| PB 0x000000070b000000| Untracked 
|  51|0x000000070b200000, 0x000000070b200000, 0x000000070b400000|  0%| F|  |TAMS 0x000000070b200000| PB 0x000000070b200000| Untracked 
|  52|0x000000070b400000, 0x000000070b400000, 0x000000070b600000|  0%| F|  |TAMS 0x000000070b400000| PB 0x000000070b400000| Untracked 
|  53|0x000000070b600000, 0x000000070b600000, 0x000000070b800000|  0%| F|  |TAMS 0x000000070b600000| PB 0x000000070b600000| Untracked 
|  54|0x000000070b800000, 0x000000070b800000, 0x000000070ba00000|  0%| F|  |TAMS 0x000000070b800000| PB 0x000000070b800000| Untracked 
|  55|0x000000070ba00000, 0x000000070ba00000, 0x000000070bc00000|  0%| F|  |TAMS 0x000000070ba00000| PB 0x000000070ba00000| Untracked 
|  56|0x000000070bc00000, 0x000000070bc00000, 0x000000070be00000|  0%| F|  |TAMS 0x000000070bc00000| PB 0x000000070bc00000| Untracked 
|  57|0x000000070be00000, 0x000000070be00000, 0x000000070c000000|  0%| F|  |TAMS 0x000000070be00000| PB 0x000000070be00000| Untracked 
|  58|0x000000070c000000, 0x000000070c000000, 0x000000070c200000|  0%| F|  |TAMS 0x000000070c000000| PB 0x000000070c000000| Untracked 
|  59|0x000000070c200000, 0x000000070c200000, 0x000000070c400000|  0%| F|  |TAMS 0x000000070c200000| PB 0x000000070c200000| Untracked 
|  60|0x000000070c400000, 0x000000070c400000, 0x000000070c600000|  0%| F|  |TAMS 0x000000070c400000| PB 0x000000070c400000| Untracked 
|  61|0x000000070c600000, 0x000000070c600000, 0x000000070c800000|  0%| F|  |TAMS 0x000000070c600000| PB 0x000000070c600000| Untracked 
|  62|0x000000070c800000, 0x000000070c800000, 0x000000070ca00000|  0%| F|  |TAMS 0x000000070c800000| PB 0x000000070c800000| Untracked 
|  63|0x000000070ca00000, 0x000000070ca00000, 0x000000070cc00000|  0%| F|  |TAMS 0x000000070ca00000| PB 0x000000070ca00000| Untracked 
|  64|0x000000070cc00000, 0x000000070cc00000, 0x000000070ce00000|  0%| F|  |TAMS 0x000000070cc00000| PB 0x000000070cc00000| Untracked 
|  65|0x000000070ce00000, 0x000000070ce00000, 0x000000070d000000|  0%| F|  |TAMS 0x000000070ce00000| PB 0x000000070ce00000| Untracked 
|  66|0x000000070d000000, 0x000000070d000000, 0x000000070d200000|  0%| F|  |TAMS 0x000000070d000000| PB 0x000000070d000000| Untracked 
|  67|0x000000070d200000, 0x000000070d200000, 0x000000070d400000|  0%| F|  |TAMS 0x000000070d200000| PB 0x000000070d200000| Untracked 
|  68|0x000000070d400000, 0x000000070d400000, 0x000000070d600000|  0%| F|  |TAMS 0x000000070d400000| PB 0x000000070d400000| Untracked 
|  69|0x000000070d600000, 0x000000070d600000, 0x000000070d800000|  0%| F|  |TAMS 0x000000070d600000| PB 0x000000070d600000| Untracked 
|  70|0x000000070d800000, 0x000000070d800000, 0x000000070da00000|  0%| F|  |TAMS 0x000000070d800000| PB 0x000000070d800000| Untracked 
|  71|0x000000070da00000, 0x000000070da00000, 0x000000070dc00000|  0%| F|  |TAMS 0x000000070da00000| PB 0x000000070da00000| Untracked 
|  72|0x000000070dc00000, 0x000000070dc00000, 0x000000070de00000|  0%| F|  |TAMS 0x000000070dc00000| PB 0x000000070dc00000| Untracked 
|  73|0x000000070de00000, 0x000000070de00000, 0x000000070e000000|  0%| F|  |TAMS 0x000000070de00000| PB 0x000000070de00000| Untracked 
|  74|0x000000070e000000, 0x000000070e000000, 0x000000070e200000|  0%| F|  |TAMS 0x000000070e000000| PB 0x000000070e000000| Untracked 
|  75|0x000000070e200000, 0x000000070e200000, 0x000000070e400000|  0%| F|  |TAMS 0x000000070e200000| PB 0x000000070e200000| Untracked 
|  76|0x000000070e400000, 0x000000070e400000, 0x000000070e600000|  0%| F|  |TAMS 0x000000070e400000| PB 0x000000070e400000| Untracked 
|  77|0x000000070e600000, 0x000000070e600000, 0x000000070e800000|  0%| F|  |TAMS 0x000000070e600000| PB 0x000000070e600000| Untracked 
|  78|0x000000070e800000, 0x000000070e800000, 0x000000070ea00000|  0%| F|  |TAMS 0x000000070e800000| PB 0x000000070e800000| Untracked 
|  79|0x000000070ea00000, 0x000000070ea00000, 0x000000070ec00000|  0%| F|  |TAMS 0x000000070ea00000| PB 0x000000070ea00000| Untracked 
|  80|0x000000070ec00000, 0x000000070ec00000, 0x000000070ee00000|  0%| F|  |TAMS 0x000000070ec00000| PB 0x000000070ec00000| Untracked 
|  81|0x000000070ee00000, 0x000000070ee00000, 0x000000070f000000|  0%| F|  |TAMS 0x000000070ee00000| PB 0x000000070ee00000| Untracked 
|  82|0x000000070f000000, 0x000000070f000000, 0x000000070f200000|  0%| F|  |TAMS 0x000000070f000000| PB 0x000000070f000000| Untracked 
|  83|0x000000070f200000, 0x000000070f200000, 0x000000070f400000|  0%| F|  |TAMS 0x000000070f200000| PB 0x000000070f200000| Untracked 
|  84|0x000000070f400000, 0x000000070f400000, 0x000000070f600000|  0%| F|  |TAMS 0x000000070f400000| PB 0x000000070f400000| Untracked 
|  85|0x000000070f600000, 0x000000070f600000, 0x000000070f800000|  0%| F|  |TAMS 0x000000070f600000| PB 0x000000070f600000| Untracked 
|  86|0x000000070f800000, 0x000000070f800000, 0x000000070fa00000|  0%| F|  |TAMS 0x000000070f800000| PB 0x000000070f800000| Untracked 
|  87|0x000000070fa00000, 0x000000070fa00000, 0x000000070fc00000|  0%| F|  |TAMS 0x000000070fa00000| PB 0x000000070fa00000| Untracked 
|  88|0x000000070fc00000, 0x000000070fc00000, 0x000000070fe00000|  0%| F|  |TAMS 0x000000070fc00000| PB 0x000000070fc00000| Untracked 
|  89|0x000000070fe00000, 0x000000070fe00000, 0x0000000710000000|  0%| F|  |TAMS 0x000000070fe00000| PB 0x000000070fe00000| Untracked 
|  90|0x0000000710000000, 0x0000000710000000, 0x0000000710200000|  0%| F|  |TAMS 0x0000000710000000| PB 0x0000000710000000| Untracked 
|  91|0x0000000710200000, 0x0000000710200000, 0x0000000710400000|  0%| F|  |TAMS 0x0000000710200000| PB 0x0000000710200000| Untracked 
|  92|0x0000000710400000, 0x0000000710400000, 0x0000000710600000|  0%| F|  |TAMS 0x0000000710400000| PB 0x0000000710400000| Untracked 
|  93|0x0000000710600000, 0x0000000710600000, 0x0000000710800000|  0%| F|  |TAMS 0x0000000710600000| PB 0x0000000710600000| Untracked 
|  94|0x0000000710800000, 0x0000000710800000, 0x0000000710a00000|  0%| F|  |TAMS 0x0000000710800000| PB 0x0000000710800000| Untracked 
|  95|0x0000000710a00000, 0x0000000710a00000, 0x0000000710c00000|  0%| F|  |TAMS 0x0000000710a00000| PB 0x0000000710a00000| Untracked 
|  96|0x0000000710c00000, 0x0000000710c00000, 0x0000000710e00000|  0%| F|  |TAMS 0x0000000710c00000| PB 0x0000000710c00000| Untracked 
|  97|0x0000000710e00000, 0x0000000710e00000, 0x0000000711000000|  0%| F|  |TAMS 0x0000000710e00000| PB 0x0000000710e00000| Untracked 
|  98|0x0000000711000000, 0x0000000711000000, 0x0000000711200000|  0%| F|  |TAMS 0x0000000711000000| PB 0x0000000711000000| Untracked 
|  99|0x0000000711200000, 0x0000000711200000, 0x0000000711400000|  0%| F|  |TAMS 0x0000000711200000| PB 0x0000000711200000| Untracked 
| 100|0x0000000711400000, 0x0000000711400000, 0x0000000711600000|  0%| F|  |TAMS 0x0000000711400000| PB 0x0000000711400000| Untracked 
| 101|0x0000000711600000, 0x0000000711600000, 0x0000000711800000|  0%| F|  |TAMS 0x0000000711600000| PB 0x0000000711600000| Untracked 
| 102|0x0000000711800000, 0x0000000711800000, 0x0000000711a00000|  0%| F|  |TAMS 0x0000000711800000| PB 0x0000000711800000| Untracked 
| 103|0x0000000711a00000, 0x0000000711a00000, 0x0000000711c00000|  0%| F|  |TAMS 0x0000000711a00000| PB 0x0000000711a00000| Untracked 
| 104|0x0000000711c00000, 0x0000000711c00000, 0x0000000711e00000|  0%| F|  |TAMS 0x0000000711c00000| PB 0x0000000711c00000| Untracked 
| 105|0x0000000711e00000, 0x0000000711e00000, 0x0000000712000000|  0%| F|  |TAMS 0x0000000711e00000| PB 0x0000000711e00000| Untracked 
| 106|0x0000000712000000, 0x0000000712000000, 0x0000000712200000|  0%| F|  |TAMS 0x0000000712000000| PB 0x0000000712000000| Untracked 
| 107|0x0000000712200000, 0x0000000712200000, 0x0000000712400000|  0%| F|  |TAMS 0x0000000712200000| PB 0x0000000712200000| Untracked 
| 108|0x0000000712400000, 0x0000000712400000, 0x0000000712600000|  0%| F|  |TAMS 0x0000000712400000| PB 0x0000000712400000| Untracked 
| 109|0x0000000712600000, 0x0000000712600000, 0x0000000712800000|  0%| F|  |TAMS 0x0000000712600000| PB 0x0000000712600000| Untracked 
| 110|0x0000000712800000, 0x0000000712800000, 0x0000000712a00000|  0%| F|  |TAMS 0x0000000712800000| PB 0x0000000712800000| Untracked 
| 111|0x0000000712a00000, 0x0000000712a00000, 0x0000000712c00000|  0%| F|  |TAMS 0x0000000712a00000| PB 0x0000000712a00000| Untracked 
| 112|0x0000000712c00000, 0x0000000712c00000, 0x0000000712e00000|  0%| F|  |TAMS 0x0000000712c00000| PB 0x0000000712c00000| Untracked 
| 113|0x0000000712e00000, 0x0000000712e00000, 0x0000000713000000|  0%| F|  |TAMS 0x0000000712e00000| PB 0x0000000712e00000| Untracked 
| 114|0x0000000713000000, 0x0000000713000000, 0x0000000713200000|  0%| F|  |TAMS 0x0000000713000000| PB 0x0000000713000000| Untracked 
| 115|0x0000000713200000, 0x0000000713200000, 0x0000000713400000|  0%| F|  |TAMS 0x0000000713200000| PB 0x0000000713200000| Untracked 
| 116|0x0000000713400000, 0x0000000713400000, 0x0000000713600000|  0%| F|  |TAMS 0x0000000713400000| PB 0x0000000713400000| Untracked 
| 117|0x0000000713600000, 0x0000000713600000, 0x0000000713800000|  0%| F|  |TAMS 0x0000000713600000| PB 0x0000000713600000| Untracked 
| 118|0x0000000713800000, 0x0000000713800000, 0x0000000713a00000|  0%| F|  |TAMS 0x0000000713800000| PB 0x0000000713800000| Untracked 
| 119|0x0000000713a00000, 0x0000000713a00000, 0x0000000713c00000|  0%| F|  |TAMS 0x0000000713a00000| PB 0x0000000713a00000| Untracked 
| 120|0x0000000713c00000, 0x0000000713c00000, 0x0000000713e00000|  0%| F|  |TAMS 0x0000000713c00000| PB 0x0000000713c00000| Untracked 
| 121|0x0000000713e00000, 0x0000000713ee1d68, 0x0000000714000000| 44%| E|  |TAMS 0x0000000713e00000| PB 0x0000000713e00000| Complete 
| 122|0x0000000714000000, 0x0000000714200000, 0x0000000714200000|100%| E|CS|TAMS 0x0000000714000000| PB 0x0000000714000000| Complete 
| 123|0x0000000714200000, 0x0000000714400000, 0x0000000714400000|100%| E|CS|TAMS 0x0000000714200000| PB 0x0000000714200000| Complete 
| 124|0x0000000714400000, 0x0000000714600000, 0x0000000714600000|100%| E|CS|TAMS 0x0000000714400000| PB 0x0000000714400000| Complete 
| 125|0x0000000714600000, 0x0000000714800000, 0x0000000714800000|100%| E|CS|TAMS 0x0000000714600000| PB 0x0000000714600000| Complete 

Card table byte_map: [0x000001fc6fe90000,0x000001fc70670000] _byte_map_base: 0x000001fc6c66a000

Marking Bits: (CMBitMap*) 0x000001fc57f62da0
 Bits: [0x000001fc70670000, 0x000001fc74540000)

Polling page: 0x000001fc576c0000

Metaspace:

Usage:
  Non-class:      7.95 MB used.
      Class:      1.06 MB used.
       Both:      9.01 MB used.

Virtual space:
  Non-class space:       64.00 MB reserved,       8.00 MB ( 12%) committed,  1 nodes.
      Class space:        1.00 GB reserved,       1.19 MB ( <1%) committed,  1 nodes.
             Both:        1.06 GB reserved,       9.19 MB ( <1%) committed. 

Chunk freelists:
   Non-Class:  7.00 MB
       Class:  14.74 MB
        Both:  21.74 MB

MaxMetaspaceSize: unlimited
CompressedClassSpaceSize: 1.00 GB
Initial GC threshold: 21.00 MB
Current GC threshold: 21.00 MB
CDS: on
 - commit_granule_bytes: 65536.
 - commit_granule_words: 8192.
 - virtual_space_node_default_size: 8388608.
 - enlarge_chunks_in_place: 1.
 - use_allocation_guard: 0.


Internal statistics:

num_allocs_failed_limit: 0.
num_arena_births: 156.
num_arena_deaths: 0.
num_vsnodes_births: 2.
num_vsnodes_deaths: 0.
num_space_committed: 147.
num_space_uncommitted: 0.
num_chunks_returned_to_freelist: 0.
num_chunks_taken_from_freelist: 219.
num_chunk_merges: 0.
num_chunk_splits: 125.
num_chunks_enlarged: 50.
num_inconsistent_stats: 0.

CodeHeap 'non-profiled nmethods': size=120000Kb used=255Kb max_used=255Kb free=119744Kb
 bounds [0x000001fc67e30000, 0x000001fc680a0000, 0x000001fc6f360000]
CodeHeap 'profiled nmethods': size=120000Kb used=1180Kb max_used=1180Kb free=118819Kb
 bounds [0x000001fc60360000, 0x000001fc605d0000, 0x000001fc67890000]
CodeHeap 'non-nmethods': size=5760Kb used=1714Kb max_used=1726Kb free=4045Kb
 bounds [0x000001fc67890000, 0x000001fc67b00000, 0x000001fc67e30000]
 total_blobs=1455 nmethods=846 adapters=514
 compilation: enabled
              stopped_count=0, restarted_count=0
 full_count=0

Compilation events (20 events):
Event: 0.322 Thread 0x000001fc76f99ba0 nmethod 837 0x000001fc60484890 code [0x000001fc60484a40, 0x000001fc60484ca0]
Event: 0.322 Thread 0x000001fc76f99ba0  839       3       com.intellij.uiDesigner.core.DimensionInfo::getMinimumSize (47 bytes)
Event: 0.322 Thread 0x000001fc76f99ba0 nmethod 839 0x000001fc60484e10 code [0x000001fc60485000, 0x000001fc604854c0]
Event: 0.322 Thread 0x000001fc76f99ba0  841       3       java.util.Arrays::fill (21 bytes)
Event: 0.322 Thread 0x000001fc76f99ba0 nmethod 841 0x000001fc60485790 code [0x000001fc60485940, 0x000001fc60485ae0]
Event: 0.322 Thread 0x000001fc76f99ba0  840       3       com.intellij.uiDesigner.core.DimensionInfo::getPreferredSize (47 bytes)
Event: 0.322 Thread 0x000001fc76f980f0 nmethod 838 0x000001fc67e6ec90 code [0x000001fc67e6ee20, 0x000001fc67e6eef8]
Event: 0.322 Thread 0x000001fc76f99ba0 nmethod 840 0x000001fc60485c10 code [0x000001fc60485e00, 0x000001fc604862c0]
Event: 0.322 Thread 0x000001fc76f99ba0  836       3       java.awt.geom.AffineTransform::equals (26 bytes)
Event: 0.322 Thread 0x000001fc76f99ba0 nmethod 836 0x000001fc60486590 code [0x000001fc60486740, 0x000001fc60486ab8]
Event: 0.322 Thread 0x000001fc76f99ba0  842       1       com.intellij.uiDesigner.core.GridConstraints::getAnchor (5 bytes)
Event: 0.322 Thread 0x000001fc76f99ba0 nmethod 842 0x000001fc67e6f010 code [0x000001fc67e6f1a0, 0x000001fc67e6f268]
Event: 0.322 Thread 0x000001fc76f99ba0  843       1       com.intellij.uiDesigner.core.GridConstraints::getIndent (5 bytes)
Event: 0.322 Thread 0x000001fc76f99ba0 nmethod 843 0x000001fc67e6f310 code [0x000001fc67e6f4a0, 0x000001fc67e6f568]
Event: 0.323 Thread 0x000001fc76f980f0  844       4       java.lang.String::equals (56 bytes)
Event: 0.323 Thread 0x000001fc76f99ba0  845       1       java.awt.Component::getGraphicsConfiguration_NoClientCode (5 bytes)
Event: 0.323 Thread 0x000001fc76f99ba0 nmethod 845 0x000001fc67e6f610 code [0x000001fc67e6f7a0, 0x000001fc67e6f870]
Event: 0.323 Thread 0x000001fc76f980f0 nmethod 844 0x000001fc67e6f910 code [0x000001fc67e6faa0, 0x000001fc67e6fc70]
Event: 0.324 Thread 0x000001fc76f99ba0  846       3       java.lang.ref.PhantomReference::<init> (7 bytes)
Event: 0.324 Thread 0x000001fc76f99ba0 nmethod 846 0x000001fc60486b90 code [0x000001fc60486d40, 0x000001fc60487020]

GC Heap History (0 events):
No events

Dll operation events (13 events):
Event: 0.007 Loaded shared library D:\SOFTWARECORE\JDK\bin\java.dll
Event: 0.037 Loaded shared library D:\SOFTWARECORE\JDK\bin\jsvml.dll
Event: 0.067 Loaded shared library D:\SOFTWARECORE\JDK\bin\zip.dll
Event: 0.069 Loaded shared library D:\SOFTWARECORE\JDK\bin\instrument.dll
Event: 0.073 Loaded shared library D:\SOFTWARECORE\JDK\bin\net.dll
Event: 0.074 Loaded shared library D:\SOFTWARECORE\JDK\bin\nio.dll
Event: 0.076 Loaded shared library D:\SOFTWARECORE\JDK\bin\zip.dll
Event: 0.083 Loaded shared library D:\SOFTWARECORE\IntelliJ IDEA Community Edition 2023.3.4\bin\breakgen64.dll
Event: 0.087 Loaded shared library D:\SOFTWARECORE\JDK\bin\extnet.dll
Event: 0.094 Loaded shared library D:\SOFTWARECORE\JDK\bin\jimage.dll
Event: 0.104 Loaded shared library D:\SOFTWARECORE\JDK\bin\awt.dll
Event: 0.250 Loaded shared library D:\SOFTWARECORE\JDK\bin\freetype.dll
Event: 0.251 Loaded shared library D:\SOFTWARECORE\JDK\bin\fontmanager.dll

Deoptimization events (20 events):
Event: 0.280 Thread 0x000001fc57ef9a10 Uncommon trap: trap_request=0xffffffde fr.pc=0x000001fc67e3b050 relative=0x00000000000001b0
Event: 0.280 Thread 0x000001fc57ef9a10 Uncommon trap: reason=class_check action=maybe_recompile pc=0x000001fc67e3b050 method=java.lang.String.equals(Ljava/lang/Object;)Z @ 8 c2
Event: 0.280 Thread 0x000001fc57ef9a10 DEOPT PACKING pc=0x000001fc67e3b050 sp=0x00000055fcefe870
Event: 0.280 Thread 0x000001fc57ef9a10 DEOPT UNPACKING pc=0x000001fc678e7da2 sp=0x00000055fcefe808 mode 2
Event: 0.281 Thread 0x000001fc57ef9a10 Uncommon trap: trap_request=0xffffffde fr.pc=0x000001fc67e3b050 relative=0x00000000000001b0
Event: 0.281 Thread 0x000001fc57ef9a10 Uncommon trap: reason=class_check action=maybe_recompile pc=0x000001fc67e3b050 method=java.lang.String.equals(Ljava/lang/Object;)Z @ 8 c2
Event: 0.281 Thread 0x000001fc57ef9a10 DEOPT PACKING pc=0x000001fc67e3b050 sp=0x00000055fcefe880
Event: 0.281 Thread 0x000001fc57ef9a10 DEOPT UNPACKING pc=0x000001fc678e7da2 sp=0x00000055fcefe818 mode 2
Event: 0.281 Thread 0x000001fc57ef9a10 Uncommon trap: trap_request=0xffffffde fr.pc=0x000001fc67e3b050 relative=0x00000000000001b0
Event: 0.281 Thread 0x000001fc57ef9a10 Uncommon trap: reason=class_check action=maybe_recompile pc=0x000001fc67e3b050 method=java.lang.String.equals(Ljava/lang/Object;)Z @ 8 c2
Event: 0.281 Thread 0x000001fc57ef9a10 DEOPT PACKING pc=0x000001fc67e3b050 sp=0x00000055fcefe800
Event: 0.281 Thread 0x000001fc57ef9a10 DEOPT UNPACKING pc=0x000001fc678e7da2 sp=0x00000055fcefe798 mode 2
Event: 0.281 Thread 0x000001fc57ef9a10 Uncommon trap: trap_request=0xffffffde fr.pc=0x000001fc67e3b050 relative=0x00000000000001b0
Event: 0.281 Thread 0x000001fc57ef9a10 Uncommon trap: reason=class_check action=maybe_recompile pc=0x000001fc67e3b050 method=java.lang.String.equals(Ljava/lang/Object;)Z @ 8 c2
Event: 0.281 Thread 0x000001fc57ef9a10 DEOPT PACKING pc=0x000001fc67e3b050 sp=0x00000055fcefe770
Event: 0.281 Thread 0x000001fc57ef9a10 DEOPT UNPACKING pc=0x000001fc678e7da2 sp=0x00000055fcefe708 mode 2
Event: 0.283 Thread 0x000001fc57ef9a10 Uncommon trap: trap_request=0xffffff45 fr.pc=0x000001fc67e65e24 relative=0x0000000000000984
Event: 0.283 Thread 0x000001fc57ef9a10 Uncommon trap: reason=unstable_if action=reinterpret pc=0x000001fc67e65e24 method=java.util.HashMap.putVal(ILjava/lang/Object;Ljava/lang/Object;ZZ)Ljava/lang/Object; @ 181 c2
Event: 0.283 Thread 0x000001fc57ef9a10 DEOPT PACKING pc=0x000001fc67e65e24 sp=0x00000055fcefd940
Event: 0.283 Thread 0x000001fc57ef9a10 DEOPT UNPACKING pc=0x000001fc678e7da2 sp=0x00000055fcefd888 mode 2

Classes loaded (20 events):
Event: 0.308 Loading class sun/awt/dnd/SunDropTargetEvent
Event: 0.308 Loading class sun/awt/dnd/SunDropTargetEvent done
Event: 0.308 Loading class java/awt/Dialog$ModalityType
Event: 0.308 Loading class java/awt/event/FocusEvent
Event: 0.308 Loading class java/awt/Dialog$ModalityType done
Event: 0.308 Loading class java/awt/event/FocusEvent done
Event: 0.308 Loading class java/awt/event/ContainerEvent
Event: 0.308 Loading class java/awt/event/ContainerEvent done
Event: 0.308 Loading class javax/swing/event/AncestorEvent
Event: 0.308 Loading class javax/swing/event/AncestorEvent done
Event: 0.310 Loading class sun/awt/TimedWindowEvent
Event: 0.310 Loading class sun/awt/TimedWindowEvent done
Event: 0.319 Loading class sun/awt/event/IgnorePaintEvent
Event: 0.319 Loading class sun/awt/event/IgnorePaintEvent done
Event: 0.324 Loading class javax/swing/RepaintManager$4
Event: 0.324 Loading class javax/swing/RepaintManager$4 done
Event: 0.324 Loading class sun/java2d/d3d/D3DSurfaceData$D3DWindowSurfaceData
Event: 0.324 Loading class sun/java2d/d3d/D3DSurfaceData
Event: 0.325 Loading class sun/java2d/pipe/hw/AccelSurface
Event: 0.325 Loading class sun/java2d/pipe/hw/AccelSurface done

Classes unloaded (0 events):
No events

Classes redefined (0 events):
No events

Internal exceptions (14 events):
Event: 0.077 Thread 0x000001fc57ef9a10 Exception <a 'java/lang/NoSuchMethodError'{0x00000007144fbea8}: 'void java.lang.invoke.DirectMethodHandle$Holder.invokeStatic(java.lang.Object, java.lang.Object, java.lang.Object)'> (0x00000007144fbea8) 
thrown [s\open\src\hotspot\share\interpreter\linkResolver.cpp, line 773]
Event: 0.080 Thread 0x000001fc57ef9a10 Exception <a 'java/lang/NoSuchMethodError'{0x00000007145133b0}: 'java.lang.Object java.lang.invoke.Invokers$Holder.invokeExact_MT(java.lang.Object, java.lang.Object, java.lang.Object, java.lang.Object, java.lang.Object)'> (0x00000007145133b0) 
thrown [s\open\src\hotspot\share\interpreter\linkResolver.cpp, line 773]
Event: 0.088 Thread 0x000001fc7b3258b0 Exception <a 'java/lang/NoSuchMethodError'{0x000000071455b140}: 'void java.lang.invoke.DirectMethodHandle$Holder.invokeStatic(java.lang.Object, java.lang.Object)'> (0x000000071455b140) 
thrown [s\open\src\hotspot\share\interpreter\linkResolver.cpp, line 773]
Event: 0.097 Thread 0x000001fc57ef9a10 Exception <a 'java/lang/ClassNotFoundException'{0x000000071453a518}: sun/awt/resources/spi/awtProvider> (0x000000071453a518) 
thrown [s\open\src\hotspot\share\classfile\systemDictionary.cpp, line 312]
Event: 0.111 Thread 0x000001fc57ef9a10 Exception <a 'java/io/FileNotFoundException'{0x00000007145fd730}> (0x00000007145fd730) 
thrown [s\open\src\hotspot\share\prims\jni.cpp, line 520]
Event: 0.114 Thread 0x000001fc57ef9a10 Exception <a 'java/io/FileNotFoundException'{0x0000000714227a48}> (0x0000000714227a48) 
thrown [s\open\src\hotspot\share\prims\jni.cpp, line 520]
Event: 0.163 Thread 0x000001fc57ef9a10 Exception <a 'java/lang/NoSuchMethodError'{0x00000007142bb1e0}: 'void java.lang.invoke.DirectMethodHandle$Holder.invokeSpecial(java.lang.Object, java.lang.Object, java.lang.Object)'> (0x00000007142bb1e0) 
thrown [s\open\src\hotspot\share\interpreter\linkResolver.cpp, line 773]
Event: 0.167 Thread 0x000001fc57ef9a10 Exception <a 'java/lang/NoSuchMethodError'{0x00000007142e0680}: 'java.lang.Object java.lang.invoke.DirectMethodHandle$Holder.newInvokeSpecial(java.lang.Object, java.lang.Object, java.lang.Object, java.lang.Object, java.lang.Object)'> (0x00000007142e0680) 
thrown [s\open\src\hotspot\share\interpreter\linkResolver.cpp, line 773]
Event: 0.170 Thread 0x000001fc57ef9a10 Exception <a 'java/lang/NoSuchMethodError'{0x00000007143ed720}: 'java.lang.Object java.lang.invoke.DirectMethodHandle$Holder.invokeStatic(java.lang.Object, int, java.lang.Object)'> (0x00000007143ed720) 
thrown [s\open\src\hotspot\share\interpreter\linkResolver.cpp, line 773]
Event: 0.182 Thread 0x000001fc57ef9a10 Exception <a 'java/lang/ClassNotFoundException'{0x000000071408d400}: com/sun/swing/internal/plaf/metal/resources/spi/metalProvider> (0x000000071408d400) 
thrown [s\open\src\hotspot\share\classfile\systemDictionary.cpp, line 312]
Event: 0.183 Thread 0x000001fc57ef9a10 Exception <a 'java/lang/ClassNotFoundException'{0x0000000714091310}: com/sun/swing/internal/plaf/basic/resources/spi/basicProvider> (0x0000000714091310) 
thrown [s\open\src\hotspot\share\classfile\systemDictionary.cpp, line 312]
Event: 0.188 Thread 0x000001fc57ef9a10 Exception <a 'java/lang/NoSuchMethodError'{0x00000007140ad3e0}: 'int java.lang.invoke.Invokers$Holder.invokeExact_MT(java.lang.Object, java.lang.Object)'> (0x00000007140ad3e0) 
thrown [s\open\src\hotspot\share\interpreter\linkResolver.cpp, line 773]
Event: 0.239 Thread 0x000001fc7b4420f0 Exception <a 'java/lang/NoSuchMethodError'{0x0000000714360ee8}: 'void java.lang.invoke.DirectMethodHandle$Holder.invokeVirtual(java.lang.Object, java.lang.Object)'> (0x0000000714360ee8) 
thrown [s\open\src\hotspot\share\interpreter\linkResolver.cpp, line 773]
Event: 0.247 Thread 0x000001fc57ef9a10 Exception <a 'java/lang/NoSuchMethodError'{0x00000007141da720}: 'void java.lang.invoke.DirectMethodHandle$Holder.invokeStaticInit(java.lang.Object)'> (0x00000007141da720) 
thrown [s\open\src\hotspot\share\interpreter\linkResolver.cpp, line 773]

ZGC Phase Switch (0 events):
No events

VM Operations (4 events):
Event: 0.057 Executing VM operation: HandshakeAllThreads (Deoptimize)
Event: 0.057 Executing VM operation: HandshakeAllThreads (Deoptimize) done
Event: 0.203 Executing VM operation: HandshakeAllThreads (Deoptimize)
Event: 0.203 Executing VM operation: HandshakeAllThreads (Deoptimize) done

Events (18 events):
Event: 0.021 Thread 0x000001fc57ef9a10 Thread added: 0x000001fc57ef9a10
Event: 0.034 Thread 0x000001fc76f80e90 Thread added: 0x000001fc76f80e90
Event: 0.034 Thread 0x000001fc76f81ea0 Thread added: 0x000001fc76f81ea0
Event: 0.034 Thread 0x000001fc76f84bf0 Thread added: 0x000001fc76f84bf0
Event: 0.035 Thread 0x000001fc76f87750 Thread added: 0x000001fc76f87750
Event: 0.035 Thread 0x000001fc76f892b0 Thread added: 0x000001fc76f892b0
Event: 0.035 Thread 0x000001fc76f91f40 Thread added: 0x000001fc76f91f40
Event: 0.035 Thread 0x000001fc76f980f0 Thread added: 0x000001fc76f980f0
Event: 0.035 Thread 0x000001fc76f99ba0 Thread added: 0x000001fc76f99ba0
Event: 0.052 Thread 0x000001fc7b1ca020 Thread added: 0x000001fc7b1ca020
Event: 0.083 Thread 0x000001fc7b3258b0 Thread added: 0x000001fc7b3258b0
Event: 0.083 Thread 0x000001fc7b326530 Thread added: 0x000001fc7b326530
Event: 0.143 Thread 0x000001fc7b4370d0 Thread added: 0x000001fc7b4370d0
Event: 0.144 Thread 0x000001fc7b43d8e0 Thread added: 0x000001fc7b43d8e0
Event: 0.145 Thread 0x000001fc7b4420f0 Thread added: 0x000001fc7b4420f0
Event: 0.219 Thread 0x000001fc7b4de830 Thread added: 0x000001fc7b4de830
Event: 0.321 Thread 0x000001fc57ef9a10 Thread exited: 0x000001fc57ef9a10
Event: 0.321 Thread 0x000001fc57ef9a10 Thread added: 0x000001fc57ef9a10


Dynamic libraries:
0x00007ff7b8380000 - 0x00007ff7b8390000 	D:\SOFTWARECORE\JDK\bin\java.exe
0x00007ffd72830000 - 0x00007ffd72a46000 	C:\WINDOWS\SYSTEM32\ntdll.dll
0x00007ffd712b0000 - 0x00007ffd71374000 	C:\WINDOWS\System32\KERNEL32.DLL
0x00007ffd6ff30000 - 0x00007ffd702d6000 	C:\WINDOWS\System32\KERNELBASE.dll
0x00007ffd6fd50000 - 0x00007ffd6fe61000 	C:\WINDOWS\System32\ucrtbase.dll
0x00007ffd67480000 - 0x00007ffd67499000 	D:\SOFTWARECORE\JDK\bin\jli.dll
0x00007ffd67460000 - 0x00007ffd6747b000 	D:\SOFTWARECORE\JDK\bin\VCRUNTIME140.dll
0x00007ffd70ba0000 - 0x00007ffd70c52000 	C:\WINDOWS\System32\ADVAPI32.dll
0x00007ffd72710000 - 0x00007ffd727b7000 	C:\WINDOWS\System32\msvcrt.dll
0x00007ffd713e0000 - 0x00007ffd71488000 	C:\WINDOWS\System32\sechost.dll
0x00007ffd6fb90000 - 0x00007ffd6fbb8000 	C:\WINDOWS\System32\bcrypt.dll
0x00007ffd70a00000 - 0x00007ffd70b15000 	C:\WINDOWS\System32\RPCRT4.dll
0x00007ffd70680000 - 0x00007ffd7082d000 	C:\WINDOWS\System32\USER32.dll
0x00007ffd6fb60000 - 0x00007ffd6fb86000 	C:\WINDOWS\System32\win32u.dll
0x00007ffd5bd10000 - 0x00007ffd5bfa3000 	C:\WINDOWS\WinSxS\amd64_microsoft.windows.common-controls_6595b64144ccf1df_6.0.22621.3139_none_270f19e5738675cb\COMCTL32.dll
0x00007ffd727c0000 - 0x00007ffd727e9000 	C:\WINDOWS\System32\GDI32.dll
0x00007ffd6fc30000 - 0x00007ffd6fd48000 	C:\WINDOWS\System32\gdi32full.dll
0x00007ffd702e0000 - 0x00007ffd7037a000 	C:\WINDOWS\System32\msvcp_win.dll
0x00007ffd63030000 - 0x00007ffd6303a000 	C:\WINDOWS\SYSTEM32\VERSION.dll
0x00007ffd70570000 - 0x00007ffd705a1000 	C:\WINDOWS\System32\IMM32.DLL
0x00007ffd68840000 - 0x00007ffd6884c000 	D:\SOFTWARECORE\JDK\bin\vcruntime140_1.dll
0x00007ffd673d0000 - 0x00007ffd6745e000 	D:\SOFTWARECORE\JDK\bin\msvcp140.dll
0x00007ffd14960000 - 0x00007ffd15677000 	D:\SOFTWARECORE\JDK\bin\server\jvm.dll
0x00007ffd720f0000 - 0x00007ffd72161000 	C:\WINDOWS\System32\WS2_32.dll
0x00007ffd6e9f0000 - 0x00007ffd6ea3d000 	C:\WINDOWS\SYSTEM32\POWRPROF.dll
0x00007ffd636b0000 - 0x00007ffd636e4000 	C:\WINDOWS\SYSTEM32\WINMM.dll
0x00007ffd6e9d0000 - 0x00007ffd6e9e3000 	C:\WINDOWS\SYSTEM32\UMPDC.dll
0x00007ffd6ec90000 - 0x00007ffd6eca8000 	C:\WINDOWS\SYSTEM32\kernel.appcore.dll
0x00007ffd686c0000 - 0x00007ffd686ca000 	D:\SOFTWARECORE\JDK\bin\jimage.dll
0x00007ffd6d590000 - 0x00007ffd6d7c3000 	C:\WINDOWS\SYSTEM32\DBGHELP.DLL
0x00007ffd72280000 - 0x00007ffd72608000 	C:\WINDOWS\System32\combase.dll
0x00007ffd71590000 - 0x00007ffd71667000 	C:\WINDOWS\System32\OLEAUT32.dll
0x00007ffd5b3b0000 - 0x00007ffd5b3e2000 	C:\WINDOWS\SYSTEM32\dbgcore.DLL
0x00007ffd70380000 - 0x00007ffd703fa000 	C:\WINDOWS\System32\bcryptPrimitives.dll
0x00007ffd673a0000 - 0x00007ffd673af000 	D:\SOFTWARECORE\JDK\bin\instrument.dll
0x00007ffd67380000 - 0x00007ffd6739f000 	D:\SOFTWARECORE\JDK\bin\java.dll
0x00007ffd71890000 - 0x00007ffd720ec000 	C:\WINDOWS\System32\SHELL32.dll
0x00007ffd6dad0000 - 0x00007ffd6e3c9000 	C:\WINDOWS\SYSTEM32\windows.storage.dll
0x00007ffd6d990000 - 0x00007ffd6dace000 	C:\WINDOWS\SYSTEM32\wintypes.dll
0x00007ffd72610000 - 0x00007ffd72703000 	C:\WINDOWS\System32\SHCORE.dll
0x00007ffd70b40000 - 0x00007ffd70b9e000 	C:\WINDOWS\System32\shlwapi.dll
0x00007ffd6fa90000 - 0x00007ffd6fab6000 	C:\WINDOWS\SYSTEM32\profapi.dll
0x00007ffd59170000 - 0x00007ffd59247000 	D:\SOFTWARECORE\JDK\bin\jsvml.dll
0x00007ffd67360000 - 0x00007ffd67378000 	D:\SOFTWARECORE\JDK\bin\zip.dll
0x00007ffd67350000 - 0x00007ffd67360000 	D:\SOFTWARECORE\JDK\bin\net.dll
0x00007ffd66bb0000 - 0x00007ffd66ce7000 	C:\WINDOWS\SYSTEM32\WINHTTP.dll
0x00007ffd6f110000 - 0x00007ffd6f179000 	C:\WINDOWS\system32\mswsock.dll
0x00007ffd64d10000 - 0x00007ffd64d26000 	D:\SOFTWARECORE\JDK\bin\nio.dll
0x00007ffd63840000 - 0x00007ffd6385a000 	D:\SOFTWARECORE\IntelliJ IDEA Community Edition 2023.3.4\bin\breakgen64.dll
0x00007ffd64c60000 - 0x00007ffd64c69000 	D:\SOFTWARECORE\JDK\bin\extnet.dll
0x00007ffcec4d0000 - 0x00007ffcec65f000 	D:\SOFTWARECORE\JDK\bin\awt.dll
0x00007ffd697d0000 - 0x00007ffd69867000 	C:\WINDOWS\SYSTEM32\apphelp.dll
0x00007ffd6cde0000 - 0x00007ffd6ce0b000 	C:\WINDOWS\system32\DWMAPI.DLL
0x00007ffd6c870000 - 0x00007ffd6c91b000 	C:\WINDOWS\system32\uxtheme.dll
0x00007ffd55d70000 - 0x00007ffd55e70000 	C:\WINDOWS\system32\opengl32.dll
0x00007ffd55d00000 - 0x00007ffd55d2d000 	C:\WINDOWS\SYSTEM32\GLU32.dll
0x00007ffd6ce50000 - 0x00007ffd6ce89000 	C:\WINDOWS\SYSTEM32\dxcore.dll
0x00007ffd71730000 - 0x00007ffd71884000 	C:\WINDOWS\System32\MSCTF.dll
0x00007ffd70830000 - 0x00007ffd709d5000 	C:\WINDOWS\System32\ole32.dll
0x00007ffd148d0000 - 0x00007ffd14957000 	D:\SOFTWARECORE\JDK\bin\freetype.dll
0x00007ffd14640000 - 0x00007ffd14722000 	D:\SOFTWARECORE\JDK\bin\fontmanager.dll
0x00007ffd72170000 - 0x00007ffd72220000 	C:\WINDOWS\System32\clbcatq.dll
0x00007ffd67a40000 - 0x00007ffd67bf0000 	C:\WINDOWS\SYSTEM32\WindowsCodecs.dll
0x00007ffd488f0000 - 0x00007ffd4894e000 	C:\WINDOWS\system32\dataexchange.dll
0x00007ffd63f10000 - 0x00007ffd6419b000 	C:\WINDOWS\system32\twinapi.appcore.dll
0x00007ffd535d0000 - 0x00007ffd5371a000 	C:\WINDOWS\SYSTEM32\textinputframework.dll

dbghelp: loaded successfully - version: 4.0.5 - missing functions: none
symbol engine: initialized successfully - sym options: 0x614 - pdb path: .;D:\SOFTWARECORE\JDK\bin;C:\WINDOWS\SYSTEM32;C:\WINDOWS\WinSxS\amd64_microsoft.windows.common-controls_6595b64144ccf1df_6.0.22621.3139_none_270f19e5738675cb;D:\SOFTWARECORE\JDK\bin\server;D:\SOFTWARECORE\IntelliJ IDEA Community Edition 2023.3.4\bin

VM Arguments:
jvm_args: -javaagent:D:\SOFTWARECORE\IntelliJ IDEA Community Edition 2023.3.4\lib\idea_rt.jar=53221:D:\SOFTWARECORE\IntelliJ IDEA Community Edition 2023.3.4\bin -Dfile.encoding=UTF-8 -Dsun.stdout.encoding=UTF-8 -Dsun.stderr.encoding=UTF-8 
java_command: Menu
java_class_path (initial): D:\Universitas Pendidikan Indonesia\COLLEGE\Semester 4\DPBO\Practice\Modul 5 [Java SWING HUI - IDE Front-end]\DataMahasiswa\out\production\DataMahasiswa
Launcher Type: SUN_STANDARD

[Global flags]
     intx CICompilerCount                          = 4                                         {product} {ergonomic}
     uint ConcGCThreads                            = 2                                         {product} {ergonomic}
     uint G1ConcRefinementThreads                  = 8                                         {product} {ergonomic}
   size_t G1HeapRegionSize                         = 2097152                                   {product} {ergonomic}
    uintx GCDrainStackTargetSize                   = 64                                        {product} {ergonomic}
   size_t InitialHeapSize                          = 264241152                                 {product} {ergonomic}
   size_t MarkStackSize                            = 4194304                                   {product} {ergonomic}
   size_t MaxHeapSize                              = 4215275520                                {product} {ergonomic}
   size_t MaxNewSize                               = 2529165312                                {product} {ergonomic}
   size_t MinHeapDeltaBytes                        = 2097152                                   {product} {ergonomic}
   size_t MinHeapSize                              = 8388608                                   {product} {ergonomic}
    uintx NonNMethodCodeHeapSize                   = 5839372                                {pd product} {ergonomic}
    uintx NonProfiledCodeHeapSize                  = 122909434                              {pd product} {ergonomic}
    uintx ProfiledCodeHeapSize                     = 122909434                              {pd product} {ergonomic}
    uintx ReservedCodeCacheSize                    = 251658240                              {pd product} {ergonomic}
     bool SegmentedCodeCache                       = true                                      {product} {ergonomic}
   size_t SoftMaxHeapSize                          = 4215275520                             {manageable} {ergonomic}
     bool UseCompressedOops                        = true                           {product lp64_product} {ergonomic}
     bool UseG1GC                                  = true                                      {product} {ergonomic}
     bool UseLargePagesIndividualAllocation        = false                                  {pd product} {ergonomic}

Logging:
Log output configuration:
 #0: stdout all=warning uptime,level,tags foldmultilines=false
 #1: stderr all=off uptime,level,tags foldmultilines=false

Environment Variables:
JAVA_HOME=E:\jdk-20.0.2
PATH=C:\Program Files\Common Files\Oracle\Java\javapath;C:\Program Files (x86)\Common Files\Intel\Shared Libraries\redist\intel64\compiler;C:\Program Files (x86)\Common Files\Oracle\Java\javapath;C:\Windows\system32;C:\Windows;C:\Windows\System32\Wbem;C:\Windows\System32\WindowsPowerShell\v1.0\;C:\Windows\System32\OpenSSH\;C:\Program Files (x86)\NVIDIA Corporation\PhysX\Common;C:\Program Files\NVIDIA Corporation\NVIDIA NvDLISR;C:\WINDOWS\system32;C:\WINDOWS;C:\WINDOWS\System32\Wbem;C:\WINDOWS\System32\WindowsPowerShell\v1.0\;C:\WINDOWS\System32\OpenSSH\;C:\xampp\php;C:\composer;%QUARTUS_ROOTDIR%\bin;E:\jdk-20.0.2\bin;E:\DART\dartsdk-windows-x64-release\dart-sdk\bin;C:\Program Files\R\R-4.3.1\bin;E:\Anaconda3\Scripts;E:\Anaconda3\condabin\conda.bat;E:\Anaconda3\Scripts\conda.bat;E:\Anaconda3\Library\bin;E:\Anaconda3\Library\bin\conda.bat;E:\Anaconda3\Library\usr\bin;E:\Anaconda3;C:\Program Files\Microsoft SQL Server\150\Tools\Binn\;C:\Program Files (x86)\Windows Kits\10\Windows Performance Toolkit\;D:\CMake\bin;D:\Software\mingw64\bin;C:\Program Files\Pandoc\;D:\SOFTWARECORE\NodeJS\;C:\Program Files\MongoDB\Server\7.0\bin;C:\Program Files\MongoDB\Server\4.4\bin;C:\mingw64\bin;D:\SOFTWARECORE\dart-sdk\bin;D:\SOFTWARECORE\flutter\bin;E:\Git\cmd;C:\Users\Defrizal\AppData\Local\Programs\Python\Python310\Scripts\;C:\Users\Defrizal\AppData\Local\Programs\Python\Python310\;C:\Users\Defrizal\AppData\Local\Microsoft\WindowsApps;C:\Program Files\JetBrains\PyCharm 2022.1.4\bin;C:\Program Files\JetBrains\PyCharm Community Edition 2022.1.4\bin;C:\Users\Defrizal\AppData\Local\Programs\Microsoft VS Code\bin;AY(E:)\xampp\php;C:\Users\Defrizal\AppData\Roaming\Composer\vendor\bin;C:\Users\Defrizal\AppData\Local\spicetify;D:\SOFTWARECORE\IntelliJ IDEA Community Edition 2023.3.4\bin;;C:\Users\Defrizal\AppData\Local\GitHubDesktop\bin;E:\Anaconda3\Scripts;E:\Anaconda3;E:\Anaconda3\Library\bin;E:\Anaconda3\Library\usr\bin;E:\Anaconda3\Library\bin\conda.bat;E:\Anaconda3\Library\bin;E:\Anaconda3\Scripts\conda.exe;E:\Anaconda3\condabin\conda.bat;E:\Anaconda3\Scripts;D:\Software\mingw64\bin;C:\Users\Defrizal\AppData\Roaming\npm;C:\Program Files\MongoDB\Server\4.4\bin;D:\SOFTWARECORE\dart-sdk\bin;D:\SOFTWARECORE\flutter\bin;
USERNAME=Defrizal
OS=Windows_NT
PROCESSOR_IDENTIFIER=Intel64 Family 6 Model 140 Stepping 1, GenuineIntel
TMP=C:\Users\Defrizal\AppData\Local\Temp
TEMP=C:\Users\Defrizal\AppData\Local\Temp




Periodic native trim disabled

---------------  S Y S T E M  ---------------

OS:
 Windows 11 , 64 bit Build 22621 (10.0.22621.3139)
OS uptime: 0 days 3:05 hours

CPU: total 8 (initial active 8) (4 cores per cpu, 2 threads per core) family 6 model 140 stepping 1 microcode 0xa4, cx8, cmov, fxsr, ht, mmx, 3dnowpref, sse, sse2, sse3, ssse3, sse4.1, sse4.2, popcnt, lzcnt, tsc, tscinvbit, avx, avx2, aes, erms, clmul, bmi1, bmi2, adx, avx512f, avx512dq, avx512cd, avx512bw, avx512vl, sha, fma, vzeroupper, avx512_vpopcntdq, avx512_vpclmulqdq, avx512_vaes, avx512_vnni, clflush, clflushopt, clwb, avx512_vbmi2, avx512_vbmi, rdtscp, rdpid, fsrm, gfni, avx512_bitalg, f16c, pku, cet_ibt, cet_ss, avx512_ifma
Processor Information for all 8 processors :
  Max Mhz: 3302, Current Mhz: 3302, Mhz Limit: 3302

Memory: 4k page, system-wide physical 16075M (4707M free)
TotalPageFile size 16075M (AvailPageFile size 2M)
current process WorkingSet (physical memory assigned to process): 64M, peak: 64M
current process commit charge ("private bytes"): 352M, peak: 352M

vm_info: Java HotSpot(TM) 64-Bit Server VM (21.0.2+13-LTS-58) for windows-amd64 JRE (21.0.2+13-LTS-58), built on 2024-01-05T18:32:24Z by "mach5one" with MS VC++ 17.1 (VS2022)

END.
